{"/home/apop/DEV/sokogateOS/src/config/kafka.js": {"path":"/home/apop/DEV/sokogateOS/src/config/kafka.js","statementMap":{"0":{"start":{"line":2,"column":0},"end":{"line":6,"column":1}},"1":{"start":{"line":3,"column":2},"end":{"line":3,"column":32}},"2":{"start":{"line":5,"column":2},"end":{"line":5,"column":15}},"3":{"start":{"line":7,"column":15},"end":{"line":7,"column":41}},"4":{"start":{"line":9,"column":0},"end":{"line":9,"column":77}},"5":{"start":{"line":15,"column":26},"end":{"line":77,"column":1}},"6":{"start":{"line":16,"column":2},"end":{"line":76,"column":5}},"7":{"start":{"line":18,"column":20},"end":{"line":18,"column":45}},"8":{"start":{"line":19,"column":4},"end":{"line":24,"column":5}},"9":{"start":{"line":20,"column":6},"end":{"line":20,"column":104}},"10":{"start":{"line":21,"column":6},"end":{"line":21,"column":35}},"11":{"start":{"line":23,"column":6},"end":{"line":23,"column":35}},"12":{"start":{"line":25,"column":4},"end":{"line":25,"column":55}},"13":{"start":{"line":26,"column":4},"end":{"line":33,"column":5}},"14":{"start":{"line":27,"column":6},"end":{"line":27,"column":70}},"15":{"start":{"line":28,"column":6},"end":{"line":31,"column":9}},"16":{"start":{"line":29,"column":34},"end":{"line":29,"column":55}},"17":{"start":{"line":29,"column":42},"end":{"line":29,"column":55}},"18":{"start":{"line":30,"column":25},"end":{"line":30,"column":38}},"19":{"start":{"line":30,"column":33},"end":{"line":30,"column":38}},"20":{"start":{"line":32,"column":6},"end":{"line":32,"column":13}},"21":{"start":{"line":34,"column":4},"end":{"line":75,"column":5}},"22":{"start":{"line":36,"column":21},"end":{"line":36,"column":48}},"23":{"start":{"line":37,"column":6},"end":{"line":37,"column":44}},"24":{"start":{"line":39,"column":6},"end":{"line":42,"column":9}},"25":{"start":{"line":40,"column":8},"end":{"line":40,"column":48}},"26":{"start":{"line":41,"column":8},"end":{"line":41,"column":26}},"27":{"start":{"line":44,"column":6},"end":{"line":59,"column":9}},"28":{"start":{"line":45,"column":8},"end":{"line":45,"column":51}},"29":{"start":{"line":47,"column":8},"end":{"line":47,"column":82}},"30":{"start":{"line":49,"column":8},"end":{"line":57,"column":10}},"31":{"start":{"line":51,"column":12},"end":{"line":51,"column":80}},"32":{"start":{"line":52,"column":12},"end":{"line":52,"column":33}},"33":{"start":{"line":52,"column":20},"end":{"line":52,"column":33}},"34":{"start":{"line":55,"column":12},"end":{"line":55,"column":25}},"35":{"start":{"line":55,"column":20},"end":{"line":55,"column":25}},"36":{"start":{"line":58,"column":8},"end":{"line":58,"column":26}},"37":{"start":{"line":61,"column":6},"end":{"line":61,"column":67}},"38":{"start":{"line":63,"column":6},"end":{"line":63,"column":91}},"39":{"start":{"line":65,"column":6},"end":{"line":73,"column":8}},"40":{"start":{"line":67,"column":10},"end":{"line":67,"column":78}},"41":{"start":{"line":68,"column":10},"end":{"line":68,"column":31}},"42":{"start":{"line":68,"column":18},"end":{"line":68,"column":31}},"43":{"start":{"line":71,"column":10},"end":{"line":71,"column":23}},"44":{"start":{"line":71,"column":18},"end":{"line":71,"column":23}},"45":{"start":{"line":74,"column":6},"end":{"line":74,"column":24}},"46":{"start":{"line":80,"column":26},"end":{"line":144,"column":1}},"47":{"start":{"line":81,"column":2},"end":{"line":143,"column":5}},"48":{"start":{"line":83,"column":20},"end":{"line":83,"column":45}},"49":{"start":{"line":84,"column":4},"end":{"line":89,"column":5}},"50":{"start":{"line":85,"column":6},"end":{"line":85,"column":104}},"51":{"start":{"line":86,"column":6},"end":{"line":86,"column":35}},"52":{"start":{"line":88,"column":6},"end":{"line":88,"column":35}},"53":{"start":{"line":90,"column":4},"end":{"line":90,"column":68}},"54":{"start":{"line":91,"column":4},"end":{"line":142,"column":5}},"55":{"start":{"line":93,"column":21},"end":{"line":93,"column":48}},"56":{"start":{"line":94,"column":6},"end":{"line":96,"column":9}},"57":{"start":{"line":94,"column":65},"end":{"line":94,"column":88}},"58":{"start":{"line":98,"column":6},"end":{"line":101,"column":9}},"59":{"start":{"line":99,"column":8},"end":{"line":99,"column":80}},"60":{"start":{"line":103,"column":6},"end":{"line":121,"column":9}},"61":{"start":{"line":104,"column":8},"end":{"line":104,"column":51}},"62":{"start":{"line":106,"column":8},"end":{"line":106,"column":82}},"63":{"start":{"line":108,"column":8},"end":{"line":119,"column":10}},"64":{"start":{"line":111,"column":12},"end":{"line":113,"column":13}},"65":{"start":{"line":114,"column":12},"end":{"line":114,"column":28}},"66":{"start":{"line":117,"column":12},"end":{"line":117,"column":25}},"67":{"start":{"line":117,"column":20},"end":{"line":117,"column":25}},"68":{"start":{"line":120,"column":8},"end":{"line":120,"column":26}},"69":{"start":{"line":123,"column":6},"end":{"line":123,"column":24}},"70":{"start":{"line":125,"column":6},"end":{"line":125,"column":67}},"71":{"start":{"line":127,"column":6},"end":{"line":127,"column":91}},"72":{"start":{"line":129,"column":6},"end":{"line":140,"column":8}},"73":{"start":{"line":132,"column":10},"end":{"line":134,"column":11}},"74":{"start":{"line":135,"column":10},"end":{"line":135,"column":26}},"75":{"start":{"line":138,"column":10},"end":{"line":138,"column":23}},"76":{"start":{"line":138,"column":18},"end":{"line":138,"column":23}},"77":{"start":{"line":141,"column":6},"end":{"line":141,"column":24}},"78":{"start":{"line":146,"column":0},"end":{"line":146,"column":58}}},"fnMap":{"0":{"name":"(anonymous_0)","decl":{"start":{"line":15,"column":26},"end":{"line":15,"column":27}},"loc":{"start":{"line":15,"column":32},"end":{"line":77,"column":1}},"line":15},"1":{"name":"(anonymous_1)","decl":{"start":{"line":16,"column":21},"end":{"line":16,"column":22}},"loc":{"start":{"line":16,"column":42},"end":{"line":76,"column":3}},"line":16},"2":{"name":"(anonymous_2)","decl":{"start":{"line":29,"column":14},"end":{"line":29,"column":15}},"loc":{"start":{"line":29,"column":32},"end":{"line":29,"column":57}},"line":29},"3":{"name":"(anonymous_3)","decl":{"start":{"line":30,"column":15},"end":{"line":30,"column":16}},"loc":{"start":{"line":30,"column":23},"end":{"line":30,"column":40}},"line":30},"4":{"name":"(anonymous_4)","decl":{"start":{"line":39,"column":27},"end":{"line":39,"column":28}},"loc":{"start":{"line":39,"column":33},"end":{"line":42,"column":7}},"line":39},"5":{"name":"(anonymous_5)","decl":{"start":{"line":44,"column":27},"end":{"line":44,"column":28}},"loc":{"start":{"line":44,"column":36},"end":{"line":59,"column":7}},"line":44},"6":{"name":"(anonymous_6)","decl":{"start":{"line":50,"column":16},"end":{"line":50,"column":17}},"loc":{"start":{"line":50,"column":34},"end":{"line":53,"column":11}},"line":50},"7":{"name":"(anonymous_7)","decl":{"start":{"line":54,"column":17},"end":{"line":54,"column":18}},"loc":{"start":{"line":54,"column":25},"end":{"line":56,"column":11}},"line":54},"8":{"name":"(anonymous_8)","decl":{"start":{"line":66,"column":14},"end":{"line":66,"column":15}},"loc":{"start":{"line":66,"column":32},"end":{"line":69,"column":9}},"line":66},"9":{"name":"(anonymous_9)","decl":{"start":{"line":70,"column":15},"end":{"line":70,"column":16}},"loc":{"start":{"line":70,"column":23},"end":{"line":72,"column":9}},"line":70},"10":{"name":"(anonymous_10)","decl":{"start":{"line":80,"column":26},"end":{"line":80,"column":27}},"loc":{"start":{"line":80,"column":38},"end":{"line":144,"column":1}},"line":80},"11":{"name":"(anonymous_11)","decl":{"start":{"line":81,"column":21},"end":{"line":81,"column":22}},"loc":{"start":{"line":81,"column":42},"end":{"line":143,"column":3}},"line":81},"12":{"name":"(anonymous_12)","decl":{"start":{"line":94,"column":55},"end":{"line":94,"column":56}},"loc":{"start":{"line":94,"column":65},"end":{"line":94,"column":88}},"line":94},"13":{"name":"(anonymous_13)","decl":{"start":{"line":98,"column":29},"end":{"line":98,"column":30}},"loc":{"start":{"line":98,"column":42},"end":{"line":101,"column":7}},"line":98},"14":{"name":"(anonymous_14)","decl":{"start":{"line":103,"column":27},"end":{"line":103,"column":28}},"loc":{"start":{"line":103,"column":36},"end":{"line":121,"column":7}},"line":103},"15":{"name":"(anonymous_15)","decl":{"start":{"line":109,"column":14},"end":{"line":109,"column":15}},"loc":{"start":{"line":109,"column":29},"end":{"line":115,"column":11}},"line":109},"16":{"name":"(anonymous_16)","decl":{"start":{"line":116,"column":17},"end":{"line":116,"column":18}},"loc":{"start":{"line":116,"column":25},"end":{"line":118,"column":11}},"line":116},"17":{"name":"(anonymous_17)","decl":{"start":{"line":130,"column":12},"end":{"line":130,"column":13}},"loc":{"start":{"line":130,"column":27},"end":{"line":136,"column":9}},"line":130},"18":{"name":"(anonymous_18)","decl":{"start":{"line":137,"column":15},"end":{"line":137,"column":16}},"loc":{"start":{"line":137,"column":23},"end":{"line":139,"column":9}},"line":137}},"branchMap":{"0":{"loc":{"start":{"line":19,"column":4},"end":{"line":24,"column":5}},"type":"if","locations":[{"start":{"line":19,"column":4},"end":{"line":24,"column":5}},{"start":{"line":22,"column":11},"end":{"line":24,"column":5}}],"line":19},"1":{"loc":{"start":{"line":19,"column":8},"end":{"line":19,"column":45}},"type":"binary-expr","locations":[{"start":{"line":19,"column":8},"end":{"line":19,"column":18}},{"start":{"line":19,"column":22},"end":{"line":19,"column":45}}],"line":19},"2":{"loc":{"start":{"line":26,"column":4},"end":{"line":33,"column":5}},"type":"if","locations":[{"start":{"line":26,"column":4},"end":{"line":33,"column":5}},{"start":{},"end":{}}],"line":26},"3":{"loc":{"start":{"line":29,"column":34},"end":{"line":29,"column":55}},"type":"if","locations":[{"start":{"line":29,"column":34},"end":{"line":29,"column":55}},{"start":{},"end":{}}],"line":29},"4":{"loc":{"start":{"line":30,"column":25},"end":{"line":30,"column":38}},"type":"if","locations":[{"start":{"line":30,"column":25},"end":{"line":30,"column":38}},{"start":{},"end":{}}],"line":30},"5":{"loc":{"start":{"line":52,"column":12},"end":{"line":52,"column":33}},"type":"if","locations":[{"start":{"line":52,"column":12},"end":{"line":52,"column":33}},{"start":{},"end":{}}],"line":52},"6":{"loc":{"start":{"line":55,"column":12},"end":{"line":55,"column":25}},"type":"if","locations":[{"start":{"line":55,"column":12},"end":{"line":55,"column":25}},{"start":{},"end":{}}],"line":55},"7":{"loc":{"start":{"line":68,"column":10},"end":{"line":68,"column":31}},"type":"if","locations":[{"start":{"line":68,"column":10},"end":{"line":68,"column":31}},{"start":{},"end":{}}],"line":68},"8":{"loc":{"start":{"line":71,"column":10},"end":{"line":71,"column":23}},"type":"if","locations":[{"start":{"line":71,"column":10},"end":{"line":71,"column":23}},{"start":{},"end":{}}],"line":71},"9":{"loc":{"start":{"line":84,"column":4},"end":{"line":89,"column":5}},"type":"if","locations":[{"start":{"line":84,"column":4},"end":{"line":89,"column":5}},{"start":{"line":87,"column":11},"end":{"line":89,"column":5}}],"line":84},"10":{"loc":{"start":{"line":84,"column":8},"end":{"line":84,"column":45}},"type":"binary-expr","locations":[{"start":{"line":84,"column":8},"end":{"line":84,"column":18}},{"start":{"line":84,"column":22},"end":{"line":84,"column":45}}],"line":84},"11":{"loc":{"start":{"line":111,"column":12},"end":{"line":113,"column":13}},"type":"if","locations":[{"start":{"line":111,"column":12},"end":{"line":113,"column":13}},{"start":{},"end":{}}],"line":111},"12":{"loc":{"start":{"line":111,"column":16},"end":{"line":111,"column":56}},"type":"binary-expr","locations":[{"start":{"line":111,"column":16},"end":{"line":111,"column":35}},{"start":{"line":111,"column":39},"end":{"line":111,"column":56}}],"line":111},"13":{"loc":{"start":{"line":117,"column":12},"end":{"line":117,"column":25}},"type":"if","locations":[{"start":{"line":117,"column":12},"end":{"line":117,"column":25}},{"start":{},"end":{}}],"line":117},"14":{"loc":{"start":{"line":132,"column":10},"end":{"line":134,"column":11}},"type":"if","locations":[{"start":{"line":132,"column":10},"end":{"line":134,"column":11}},{"start":{},"end":{}}],"line":132},"15":{"loc":{"start":{"line":132,"column":14},"end":{"line":132,"column":54}},"type":"binary-expr","locations":[{"start":{"line":132,"column":14},"end":{"line":132,"column":33}},{"start":{"line":132,"column":37},"end":{"line":132,"column":54}}],"line":132},"16":{"loc":{"start":{"line":138,"column":10},"end":{"line":138,"column":23}},"type":"if","locations":[{"start":{"line":138,"column":10},"end":{"line":138,"column":23}},{"start":{},"end":{}}],"line":138}},"s":{"0":1,"1":1,"2":1,"3":1,"4":1,"5":1,"6":0,"7":0,"8":0,"9":0,"10":0,"11":0,"12":0,"13":0,"14":0,"15":0,"16":0,"17":0,"18":0,"19":0,"20":0,"21":0,"22":0,"23":0,"24":0,"25":0,"26":0,"27":0,"28":0,"29":0,"30":0,"31":0,"32":0,"33":0,"34":0,"35":0,"36":0,"37":0,"38":0,"39":0,"40":0,"41":0,"42":0,"43":0,"44":0,"45":0,"46":1,"47":0,"48":0,"49":0,"50":0,"51":0,"52":0,"53":0,"54":0,"55":0,"56":0,"57":0,"58":0,"59":0,"60":0,"61":0,"62":0,"63":0,"64":0,"65":0,"66":0,"67":0,"68":0,"69":0,"70":0,"71":0,"72":0,"73":0,"74":0,"75":0,"76":0,"77":0,"78":1},"f":{"0":0,"1":0,"2":0,"3":0,"4":0,"5":0,"6":0,"7":0,"8":0,"9":0,"10":0,"11":0,"12":0,"13":0,"14":0,"15":0,"16":0,"17":0,"18":0},"b":{"0":[0,0],"1":[0,0],"2":[0,0],"3":[0,0],"4":[0,0],"5":[0,0],"6":[0,0],"7":[0,0],"8":[0,0],"9":[0,0],"10":[0,0],"11":[0,0],"12":[0,0],"13":[0,0],"14":[0,0],"15":[0,0],"16":[0,0]},"_coverageSchema":"1a1c01bbd47fc00a2c39e90264f33305004495a9","hash":"ff2f0e92cc12d13cee91ad68ce0319a36c3412f6"}
,"/home/apop/DEV/sokogateOS/src/ingestion/adapters/flexportLogisticsAdapter.js": {"path":"/home/apop/DEV/sokogateOS/src/ingestion/adapters/flexportLogisticsAdapter.js","statementMap":{"0":{"start":{"line":4,"column":30},"end":{"line":4,"column":59}},"1":{"start":{"line":5,"column":15},"end":{"line":5,"column":44}},"2":{"start":{"line":7,"column":15},"end":{"line":7,"column":19}},"3":{"start":{"line":8,"column":21},"end":{"line":8,"column":26}},"4":{"start":{"line":12,"column":2},"end":{"line":21,"column":4}},"5":{"start":{"line":26,"column":2},"end":{"line":36,"column":4}},"6":{"start":{"line":41,"column":2},"end":{"line":129,"column":3}},"7":{"start":{"line":42,"column":4},"end":{"line":42,"column":62}},"8":{"start":{"line":45,"column":4},"end":{"line":45,"column":41}},"9":{"start":{"line":46,"column":4},"end":{"line":46,"column":26}},"10":{"start":{"line":47,"column":4},"end":{"line":47,"column":72}},"11":{"start":{"line":50,"column":4},"end":{"line":76,"column":14}},"12":{"start":{"line":51,"column":6},"end":{"line":75,"column":7}},"13":{"start":{"line":53,"column":8},"end":{"line":72,"column":9}},"14":{"start":{"line":54,"column":34},"end":{"line":54,"column":63}},"15":{"start":{"line":55,"column":26},"end":{"line":55,"column":57}},"16":{"start":{"line":57,"column":10},"end":{"line":67,"column":13}},"17":{"start":{"line":60,"column":12},"end":{"line":66,"column":13}},"18":{"start":{"line":61,"column":14},"end":{"line":61,"column":96}},"19":{"start":{"line":65,"column":14},"end":{"line":65,"column":110}},"20":{"start":{"line":70,"column":34},"end":{"line":70,"column":63}},"21":{"start":{"line":71,"column":10},"end":{"line":71,"column":132}},"22":{"start":{"line":74,"column":8},"end":{"line":74,"column":99}},"23":{"start":{"line":79,"column":4},"end":{"line":105,"column":14}},"24":{"start":{"line":80,"column":6},"end":{"line":104,"column":7}},"25":{"start":{"line":82,"column":8},"end":{"line":101,"column":9}},"26":{"start":{"line":83,"column":31},"end":{"line":83,"column":57}},"27":{"start":{"line":84,"column":26},"end":{"line":84,"column":54}},"28":{"start":{"line":86,"column":10},"end":{"line":96,"column":13}},"29":{"start":{"line":89,"column":12},"end":{"line":95,"column":13}},"30":{"start":{"line":90,"column":14},"end":{"line":90,"column":93}},"31":{"start":{"line":94,"column":14},"end":{"line":94,"column":100}},"32":{"start":{"line":99,"column":31},"end":{"line":99,"column":57}},"33":{"start":{"line":100,"column":10},"end":{"line":100,"column":122}},"34":{"start":{"line":103,"column":8},"end":{"line":103,"column":95}},"35":{"start":{"line":107,"column":4},"end":{"line":107,"column":67}},"36":{"start":{"line":109,"column":4},"end":{"line":109,"column":78}},"37":{"start":{"line":110,"column":4},"end":{"line":110,"column":88}},"38":{"start":{"line":112,"column":4},"end":{"line":119,"column":14}},"39":{"start":{"line":113,"column":6},"end":{"line":118,"column":7}},"40":{"start":{"line":114,"column":32},"end":{"line":114,"column":61}},"41":{"start":{"line":115,"column":8},"end":{"line":115,"column":129}},"42":{"start":{"line":117,"column":8},"end":{"line":117,"column":103}},"43":{"start":{"line":121,"column":4},"end":{"line":128,"column":14}},"44":{"start":{"line":122,"column":6},"end":{"line":127,"column":7}},"45":{"start":{"line":123,"column":29},"end":{"line":123,"column":55}},"46":{"start":{"line":124,"column":8},"end":{"line":124,"column":119}},"47":{"start":{"line":126,"column":8},"end":{"line":126,"column":99}},"48":{"start":{"line":134,"column":2},"end":{"line":139,"column":3}},"49":{"start":{"line":135,"column":4},"end":{"line":138,"column":7}},"50":{"start":{"line":136,"column":6},"end":{"line":136,"column":71}},"51":{"start":{"line":147,"column":0},"end":{"line":147,"column":51}}},"fnMap":{"0":{"name":"generateMockInventoryChange","decl":{"start":{"line":11,"column":9},"end":{"line":11,"column":36}},"loc":{"start":{"line":11,"column":39},"end":{"line":22,"column":1}},"line":11},"1":{"name":"generateMockOrderCreated","decl":{"start":{"line":25,"column":9},"end":{"line":25,"column":33}},"loc":{"start":{"line":25,"column":36},"end":{"line":37,"column":1}},"line":25},"2":{"name":"startFlexportLogisticsAdapter","decl":{"start":{"line":40,"column":15},"end":{"line":40,"column":44}},"loc":{"start":{"line":40,"column":47},"end":{"line":130,"column":1}},"line":40},"3":{"name":"(anonymous_3)","decl":{"start":{"line":50,"column":16},"end":{"line":50,"column":17}},"loc":{"start":{"line":50,"column":28},"end":{"line":76,"column":5}},"line":50},"4":{"name":"(anonymous_4)","decl":{"start":{"line":59,"column":13},"end":{"line":59,"column":14}},"loc":{"start":{"line":59,"column":28},"end":{"line":67,"column":11}},"line":59},"5":{"name":"(anonymous_5)","decl":{"start":{"line":79,"column":16},"end":{"line":79,"column":17}},"loc":{"start":{"line":79,"column":28},"end":{"line":105,"column":5}},"line":79},"6":{"name":"(anonymous_6)","decl":{"start":{"line":88,"column":13},"end":{"line":88,"column":14}},"loc":{"start":{"line":88,"column":28},"end":{"line":96,"column":11}},"line":88},"7":{"name":"(anonymous_7)","decl":{"start":{"line":112,"column":16},"end":{"line":112,"column":17}},"loc":{"start":{"line":112,"column":28},"end":{"line":119,"column":5}},"line":112},"8":{"name":"(anonymous_8)","decl":{"start":{"line":121,"column":16},"end":{"line":121,"column":17}},"loc":{"start":{"line":121,"column":28},"end":{"line":128,"column":5}},"line":121},"9":{"name":"shutdown","decl":{"start":{"line":133,"column":9},"end":{"line":133,"column":17}},"loc":{"start":{"line":133,"column":20},"end":{"line":141,"column":1}},"line":133},"10":{"name":"(anonymous_10)","decl":{"start":{"line":135,"column":19},"end":{"line":135,"column":20}},"loc":{"start":{"line":135,"column":25},"end":{"line":138,"column":5}},"line":135}},"branchMap":{"0":{"loc":{"start":{"line":53,"column":8},"end":{"line":72,"column":9}},"type":"if","locations":[{"start":{"line":53,"column":8},"end":{"line":72,"column":9}},{"start":{"line":68,"column":15},"end":{"line":72,"column":9}}],"line":53},"1":{"loc":{"start":{"line":53,"column":12},"end":{"line":53,"column":38}},"type":"binary-expr","locations":[{"start":{"line":53,"column":12},"end":{"line":53,"column":26}},{"start":{"line":53,"column":30},"end":{"line":53,"column":38}}],"line":53},"2":{"loc":{"start":{"line":60,"column":12},"end":{"line":66,"column":13}},"type":"if","locations":[{"start":{"line":60,"column":12},"end":{"line":66,"column":13}},{"start":{"line":64,"column":19},"end":{"line":66,"column":13}}],"line":60},"3":{"loc":{"start":{"line":82,"column":8},"end":{"line":101,"column":9}},"type":"if","locations":[{"start":{"line":82,"column":8},"end":{"line":101,"column":9}},{"start":{"line":97,"column":15},"end":{"line":101,"column":9}}],"line":82},"4":{"loc":{"start":{"line":82,"column":12},"end":{"line":82,"column":38}},"type":"binary-expr","locations":[{"start":{"line":82,"column":12},"end":{"line":82,"column":26}},{"start":{"line":82,"column":30},"end":{"line":82,"column":38}}],"line":82},"5":{"loc":{"start":{"line":89,"column":12},"end":{"line":95,"column":13}},"type":"if","locations":[{"start":{"line":89,"column":12},"end":{"line":95,"column":13}},{"start":{"line":93,"column":19},"end":{"line":95,"column":13}}],"line":89},"6":{"loc":{"start":{"line":134,"column":2},"end":{"line":139,"column":3}},"type":"if","locations":[{"start":{"line":134,"column":2},"end":{"line":139,"column":3}},{"start":{},"end":{}}],"line":134}},"s":{"0":1,"1":1,"2":1,"3":1,"4":2,"5":1,"6":3,"7":3,"8":3,"9":3,"10":3,"11":3,"12":2,"13":2,"14":2,"15":2,"16":2,"17":0,"18":0,"19":0,"20":0,"21":0,"22":0,"23":3,"24":1,"25":1,"26":1,"27":1,"28":1,"29":0,"30":0,"31":0,"32":0,"33":0,"34":0,"35":3,"36":0,"37":0,"38":0,"39":0,"40":0,"41":0,"42":0,"43":0,"44":0,"45":0,"46":0,"47":0,"48":0,"49":0,"50":0,"51":1},"f":{"0":2,"1":1,"2":3,"3":2,"4":0,"5":1,"6":0,"7":0,"8":0,"9":0,"10":0},"b":{"0":[2,0],"1":[2,2],"2":[0,0],"3":[1,0],"4":[1,1],"5":[0,0],"6":[0,0]},"_coverageSchema":"1a1c01bbd47fc00a2c39e90264f33305004495a9","hash":"1adfc93998640085bee6ab3a30ce54b3e57d5c71"}
,"/home/apop/DEV/sokogateOS/src/ingestion/adapters/hubspotCrmAdapter.js": {"path":"/home/apop/DEV/sokogateOS/src/ingestion/adapters/hubspotCrmAdapter.js","statementMap":{"0":{"start":{"line":4,"column":30},"end":{"line":4,"column":59}},"1":{"start":{"line":5,"column":15},"end":{"line":5,"column":44}},"2":{"start":{"line":7,"column":15},"end":{"line":7,"column":19}},"3":{"start":{"line":8,"column":21},"end":{"line":8,"column":26}},"4":{"start":{"line":12,"column":2},"end":{"line":22,"column":4}},"5":{"start":{"line":27,"column":2},"end":{"line":77,"column":3}},"6":{"start":{"line":28,"column":4},"end":{"line":28,"column":55}},"7":{"start":{"line":31,"column":4},"end":{"line":31,"column":41}},"8":{"start":{"line":32,"column":4},"end":{"line":32,"column":26}},"9":{"start":{"line":33,"column":4},"end":{"line":33,"column":65}},"10":{"start":{"line":36,"column":4},"end":{"line":62,"column":14}},"11":{"start":{"line":37,"column":6},"end":{"line":61,"column":7}},"12":{"start":{"line":39,"column":8},"end":{"line":58,"column":9}},"13":{"start":{"line":40,"column":27},"end":{"line":40,"column":56}},"14":{"start":{"line":41,"column":26},"end":{"line":41,"column":50}},"15":{"start":{"line":43,"column":10},"end":{"line":53,"column":13}},"16":{"start":{"line":46,"column":12},"end":{"line":52,"column":13}},"17":{"start":{"line":47,"column":14},"end":{"line":47,"column":80}},"18":{"start":{"line":51,"column":14},"end":{"line":51,"column":87}},"19":{"start":{"line":56,"column":27},"end":{"line":56,"column":56}},"20":{"start":{"line":57,"column":10},"end":{"line":57,"column":109}},"21":{"start":{"line":60,"column":8},"end":{"line":60,"column":80}},"22":{"start":{"line":64,"column":4},"end":{"line":64,"column":60}},"23":{"start":{"line":66,"column":4},"end":{"line":66,"column":71}},"24":{"start":{"line":67,"column":4},"end":{"line":67,"column":81}},"25":{"start":{"line":69,"column":4},"end":{"line":76,"column":14}},"26":{"start":{"line":70,"column":6},"end":{"line":75,"column":7}},"27":{"start":{"line":71,"column":25},"end":{"line":71,"column":54}},"28":{"start":{"line":72,"column":8},"end":{"line":72,"column":106}},"29":{"start":{"line":74,"column":8},"end":{"line":74,"column":84}},"30":{"start":{"line":82,"column":2},"end":{"line":87,"column":3}},"31":{"start":{"line":83,"column":4},"end":{"line":86,"column":7}},"32":{"start":{"line":84,"column":6},"end":{"line":84,"column":64}},"33":{"start":{"line":95,"column":0},"end":{"line":95,"column":44}}},"fnMap":{"0":{"name":"generateMockHubSpotFeedback","decl":{"start":{"line":11,"column":9},"end":{"line":11,"column":36}},"loc":{"start":{"line":11,"column":39},"end":{"line":23,"column":1}},"line":11},"1":{"name":"startHubspotCrmAdapter","decl":{"start":{"line":26,"column":15},"end":{"line":26,"column":37}},"loc":{"start":{"line":26,"column":40},"end":{"line":78,"column":1}},"line":26},"2":{"name":"(anonymous_2)","decl":{"start":{"line":36,"column":16},"end":{"line":36,"column":17}},"loc":{"start":{"line":36,"column":28},"end":{"line":62,"column":5}},"line":36},"3":{"name":"(anonymous_3)","decl":{"start":{"line":45,"column":13},"end":{"line":45,"column":14}},"loc":{"start":{"line":45,"column":28},"end":{"line":53,"column":11}},"line":45},"4":{"name":"(anonymous_4)","decl":{"start":{"line":69,"column":16},"end":{"line":69,"column":17}},"loc":{"start":{"line":69,"column":28},"end":{"line":76,"column":5}},"line":69},"5":{"name":"shutdown","decl":{"start":{"line":81,"column":9},"end":{"line":81,"column":17}},"loc":{"start":{"line":81,"column":20},"end":{"line":89,"column":1}},"line":81},"6":{"name":"(anonymous_6)","decl":{"start":{"line":83,"column":19},"end":{"line":83,"column":20}},"loc":{"start":{"line":83,"column":25},"end":{"line":86,"column":5}},"line":83}},"branchMap":{"0":{"loc":{"start":{"line":39,"column":8},"end":{"line":58,"column":9}},"type":"if","locations":[{"start":{"line":39,"column":8},"end":{"line":58,"column":9}},{"start":{"line":54,"column":15},"end":{"line":58,"column":9}}],"line":39},"1":{"loc":{"start":{"line":39,"column":12},"end":{"line":39,"column":38}},"type":"binary-expr","locations":[{"start":{"line":39,"column":12},"end":{"line":39,"column":26}},{"start":{"line":39,"column":30},"end":{"line":39,"column":38}}],"line":39},"2":{"loc":{"start":{"line":46,"column":12},"end":{"line":52,"column":13}},"type":"if","locations":[{"start":{"line":46,"column":12},"end":{"line":52,"column":13}},{"start":{"line":50,"column":19},"end":{"line":52,"column":13}}],"line":46},"3":{"loc":{"start":{"line":82,"column":2},"end":{"line":87,"column":3}},"type":"if","locations":[{"start":{"line":82,"column":2},"end":{"line":87,"column":3}},{"start":{},"end":{}}],"line":82}},"s":{"0":1,"1":1,"2":1,"3":1,"4":1,"5":2,"6":2,"7":2,"8":2,"9":2,"10":2,"11":1,"12":1,"13":1,"14":1,"15":1,"16":0,"17":0,"18":0,"19":0,"20":0,"21":0,"22":2,"23":0,"24":0,"25":0,"26":0,"27":0,"28":0,"29":0,"30":0,"31":0,"32":0,"33":1},"f":{"0":1,"1":2,"2":1,"3":0,"4":0,"5":0,"6":0},"b":{"0":[1,0],"1":[1,1],"2":[0,0],"3":[0,0]},"_coverageSchema":"1a1c01bbd47fc00a2c39e90264f33305004495a9","hash":"654b14c071bb25d78c250fe0da9b8146035f5e27"}
,"/home/apop/DEV/sokogateOS/src/ingestion/adapters/oracleProductAdapter.js": {"path":"/home/apop/DEV/sokogateOS/src/ingestion/adapters/oracleProductAdapter.js","statementMap":{"0":{"start":{"line":4,"column":30},"end":{"line":4,"column":59}},"1":{"start":{"line":5,"column":15},"end":{"line":5,"column":44}},"2":{"start":{"line":7,"column":15},"end":{"line":7,"column":19}},"3":{"start":{"line":8,"column":21},"end":{"line":8,"column":26}},"4":{"start":{"line":12,"column":2},"end":{"line":22,"column":4}},"5":{"start":{"line":27,"column":2},"end":{"line":77,"column":3}},"6":{"start":{"line":28,"column":4},"end":{"line":28,"column":58}},"7":{"start":{"line":31,"column":4},"end":{"line":31,"column":41}},"8":{"start":{"line":32,"column":4},"end":{"line":32,"column":26}},"9":{"start":{"line":33,"column":4},"end":{"line":33,"column":68}},"10":{"start":{"line":36,"column":4},"end":{"line":62,"column":14}},"11":{"start":{"line":37,"column":6},"end":{"line":61,"column":7}},"12":{"start":{"line":39,"column":8},"end":{"line":58,"column":9}},"13":{"start":{"line":40,"column":32},"end":{"line":40,"column":65}},"14":{"start":{"line":41,"column":26},"end":{"line":41,"column":55}},"15":{"start":{"line":43,"column":10},"end":{"line":53,"column":13}},"16":{"start":{"line":46,"column":12},"end":{"line":52,"column":13}},"17":{"start":{"line":47,"column":14},"end":{"line":47,"column":83}},"18":{"start":{"line":51,"column":14},"end":{"line":51,"column":100}},"19":{"start":{"line":56,"column":32},"end":{"line":56,"column":65}},"20":{"start":{"line":57,"column":10},"end":{"line":57,"column":122}},"21":{"start":{"line":60,"column":8},"end":{"line":60,"column":83}},"22":{"start":{"line":64,"column":4},"end":{"line":64,"column":63}},"23":{"start":{"line":66,"column":4},"end":{"line":66,"column":74}},"24":{"start":{"line":67,"column":4},"end":{"line":67,"column":84}},"25":{"start":{"line":69,"column":4},"end":{"line":76,"column":14}},"26":{"start":{"line":70,"column":6},"end":{"line":75,"column":7}},"27":{"start":{"line":71,"column":30},"end":{"line":71,"column":63}},"28":{"start":{"line":72,"column":8},"end":{"line":72,"column":119}},"29":{"start":{"line":74,"column":8},"end":{"line":74,"column":87}},"30":{"start":{"line":82,"column":2},"end":{"line":87,"column":3}},"31":{"start":{"line":83,"column":4},"end":{"line":86,"column":7}},"32":{"start":{"line":84,"column":6},"end":{"line":84,"column":67}},"33":{"start":{"line":95,"column":0},"end":{"line":95,"column":47}}},"fnMap":{"0":{"name":"generateMockOracleProductUpdate","decl":{"start":{"line":11,"column":9},"end":{"line":11,"column":40}},"loc":{"start":{"line":11,"column":43},"end":{"line":23,"column":1}},"line":11},"1":{"name":"startOracleProductAdapter","decl":{"start":{"line":26,"column":15},"end":{"line":26,"column":40}},"loc":{"start":{"line":26,"column":43},"end":{"line":78,"column":1}},"line":26},"2":{"name":"(anonymous_2)","decl":{"start":{"line":36,"column":16},"end":{"line":36,"column":17}},"loc":{"start":{"line":36,"column":28},"end":{"line":62,"column":5}},"line":36},"3":{"name":"(anonymous_3)","decl":{"start":{"line":45,"column":13},"end":{"line":45,"column":14}},"loc":{"start":{"line":45,"column":28},"end":{"line":53,"column":11}},"line":45},"4":{"name":"(anonymous_4)","decl":{"start":{"line":69,"column":16},"end":{"line":69,"column":17}},"loc":{"start":{"line":69,"column":28},"end":{"line":76,"column":5}},"line":69},"5":{"name":"shutdown","decl":{"start":{"line":81,"column":9},"end":{"line":81,"column":17}},"loc":{"start":{"line":81,"column":20},"end":{"line":89,"column":1}},"line":81},"6":{"name":"(anonymous_6)","decl":{"start":{"line":83,"column":19},"end":{"line":83,"column":20}},"loc":{"start":{"line":83,"column":25},"end":{"line":86,"column":5}},"line":83}},"branchMap":{"0":{"loc":{"start":{"line":39,"column":8},"end":{"line":58,"column":9}},"type":"if","locations":[{"start":{"line":39,"column":8},"end":{"line":58,"column":9}},{"start":{"line":54,"column":15},"end":{"line":58,"column":9}}],"line":39},"1":{"loc":{"start":{"line":39,"column":12},"end":{"line":39,"column":38}},"type":"binary-expr","locations":[{"start":{"line":39,"column":12},"end":{"line":39,"column":26}},{"start":{"line":39,"column":30},"end":{"line":39,"column":38}}],"line":39},"2":{"loc":{"start":{"line":46,"column":12},"end":{"line":52,"column":13}},"type":"if","locations":[{"start":{"line":46,"column":12},"end":{"line":52,"column":13}},{"start":{"line":50,"column":19},"end":{"line":52,"column":13}}],"line":46},"3":{"loc":{"start":{"line":82,"column":2},"end":{"line":87,"column":3}},"type":"if","locations":[{"start":{"line":82,"column":2},"end":{"line":87,"column":3}},{"start":{},"end":{}}],"line":82}},"s":{"0":1,"1":1,"2":1,"3":1,"4":1,"5":2,"6":2,"7":2,"8":2,"9":2,"10":2,"11":1,"12":1,"13":1,"14":1,"15":1,"16":0,"17":0,"18":0,"19":0,"20":0,"21":0,"22":2,"23":0,"24":0,"25":0,"26":0,"27":0,"28":0,"29":0,"30":0,"31":0,"32":0,"33":1},"f":{"0":1,"1":2,"2":1,"3":0,"4":0,"5":0,"6":0},"b":{"0":[1,0],"1":[1,1],"2":[0,0],"3":[0,0]},"_coverageSchema":"1a1c01bbd47fc00a2c39e90264f33305004495a9","hash":"440263270a01811be9e16a6d01732f94615899de"}
,"/home/apop/DEV/sokogateOS/src/ingestion/adapters/restApiAdapter.js": {"path":"/home/apop/DEV/sokogateOS/src/ingestion/adapters/restApiAdapter.js","statementMap":{"0":{"start":{"line":4,"column":30},"end":{"line":4,"column":59}},"1":{"start":{"line":5,"column":15},"end":{"line":5,"column":44}},"2":{"start":{"line":7,"column":15},"end":{"line":7,"column":19}},"3":{"start":{"line":8,"column":21},"end":{"line":8,"column":26}},"4":{"start":{"line":12,"column":2},"end":{"line":29,"column":4}},"5":{"start":{"line":33,"column":2},"end":{"line":50,"column":4}},"6":{"start":{"line":55,"column":2},"end":{"line":143,"column":3}},"7":{"start":{"line":56,"column":4},"end":{"line":56,"column":52}},"8":{"start":{"line":59,"column":4},"end":{"line":59,"column":41}},"9":{"start":{"line":60,"column":4},"end":{"line":60,"column":26}},"10":{"start":{"line":61,"column":4},"end":{"line":61,"column":62}},"11":{"start":{"line":64,"column":4},"end":{"line":90,"column":14}},"12":{"start":{"line":65,"column":6},"end":{"line":89,"column":7}},"13":{"start":{"line":67,"column":8},"end":{"line":86,"column":9}},"14":{"start":{"line":68,"column":33},"end":{"line":68,"column":61}},"15":{"start":{"line":69,"column":26},"end":{"line":69,"column":56}},"16":{"start":{"line":71,"column":10},"end":{"line":81,"column":13}},"17":{"start":{"line":74,"column":12},"end":{"line":80,"column":13}},"18":{"start":{"line":75,"column":14},"end":{"line":75,"column":85}},"19":{"start":{"line":79,"column":14},"end":{"line":79,"column":96}},"20":{"start":{"line":84,"column":33},"end":{"line":84,"column":61}},"21":{"start":{"line":85,"column":10},"end":{"line":85,"column":118}},"22":{"start":{"line":88,"column":8},"end":{"line":88,"column":95}},"23":{"start":{"line":93,"column":4},"end":{"line":119,"column":14}},"24":{"start":{"line":94,"column":6},"end":{"line":118,"column":7}},"25":{"start":{"line":96,"column":8},"end":{"line":115,"column":9}},"26":{"start":{"line":97,"column":34},"end":{"line":97,"column":63}},"27":{"start":{"line":98,"column":26},"end":{"line":98,"column":57}},"28":{"start":{"line":100,"column":10},"end":{"line":110,"column":13}},"29":{"start":{"line":103,"column":12},"end":{"line":109,"column":13}},"30":{"start":{"line":104,"column":14},"end":{"line":104,"column":86}},"31":{"start":{"line":108,"column":14},"end":{"line":108,"column":99}},"32":{"start":{"line":113,"column":34},"end":{"line":113,"column":63}},"33":{"start":{"line":114,"column":10},"end":{"line":114,"column":121}},"34":{"start":{"line":117,"column":8},"end":{"line":117,"column":96}},"35":{"start":{"line":121,"column":4},"end":{"line":121,"column":57}},"36":{"start":{"line":123,"column":4},"end":{"line":123,"column":68}},"37":{"start":{"line":124,"column":4},"end":{"line":124,"column":78}},"38":{"start":{"line":126,"column":4},"end":{"line":133,"column":14}},"39":{"start":{"line":127,"column":6},"end":{"line":132,"column":7}},"40":{"start":{"line":128,"column":31},"end":{"line":128,"column":59}},"41":{"start":{"line":129,"column":8},"end":{"line":129,"column":115}},"42":{"start":{"line":131,"column":8},"end":{"line":131,"column":99}},"43":{"start":{"line":135,"column":4},"end":{"line":142,"column":14}},"44":{"start":{"line":136,"column":6},"end":{"line":141,"column":7}},"45":{"start":{"line":137,"column":32},"end":{"line":137,"column":61}},"46":{"start":{"line":138,"column":8},"end":{"line":138,"column":118}},"47":{"start":{"line":140,"column":8},"end":{"line":140,"column":100}},"48":{"start":{"line":148,"column":2},"end":{"line":153,"column":3}},"49":{"start":{"line":149,"column":4},"end":{"line":152,"column":7}},"50":{"start":{"line":150,"column":6},"end":{"line":150,"column":61}},"51":{"start":{"line":161,"column":0},"end":{"line":161,"column":41}}},"fnMap":{"0":{"name":"generateMockProductCatalog","decl":{"start":{"line":11,"column":9},"end":{"line":11,"column":35}},"loc":{"start":{"line":11,"column":38},"end":{"line":30,"column":1}},"line":11},"1":{"name":"generateMockCustomerProfile","decl":{"start":{"line":32,"column":9},"end":{"line":32,"column":36}},"loc":{"start":{"line":32,"column":39},"end":{"line":51,"column":1}},"line":32},"2":{"name":"startRestApiAdapter","decl":{"start":{"line":54,"column":15},"end":{"line":54,"column":34}},"loc":{"start":{"line":54,"column":37},"end":{"line":144,"column":1}},"line":54},"3":{"name":"(anonymous_3)","decl":{"start":{"line":64,"column":16},"end":{"line":64,"column":17}},"loc":{"start":{"line":64,"column":28},"end":{"line":90,"column":5}},"line":64},"4":{"name":"(anonymous_4)","decl":{"start":{"line":73,"column":13},"end":{"line":73,"column":14}},"loc":{"start":{"line":73,"column":28},"end":{"line":81,"column":11}},"line":73},"5":{"name":"(anonymous_5)","decl":{"start":{"line":93,"column":16},"end":{"line":93,"column":17}},"loc":{"start":{"line":93,"column":28},"end":{"line":119,"column":5}},"line":93},"6":{"name":"(anonymous_6)","decl":{"start":{"line":102,"column":13},"end":{"line":102,"column":14}},"loc":{"start":{"line":102,"column":28},"end":{"line":110,"column":11}},"line":102},"7":{"name":"(anonymous_7)","decl":{"start":{"line":126,"column":16},"end":{"line":126,"column":17}},"loc":{"start":{"line":126,"column":28},"end":{"line":133,"column":5}},"line":126},"8":{"name":"(anonymous_8)","decl":{"start":{"line":135,"column":16},"end":{"line":135,"column":17}},"loc":{"start":{"line":135,"column":28},"end":{"line":142,"column":5}},"line":135},"9":{"name":"shutdown","decl":{"start":{"line":147,"column":9},"end":{"line":147,"column":17}},"loc":{"start":{"line":147,"column":20},"end":{"line":155,"column":1}},"line":147},"10":{"name":"(anonymous_10)","decl":{"start":{"line":149,"column":19},"end":{"line":149,"column":20}},"loc":{"start":{"line":149,"column":25},"end":{"line":152,"column":5}},"line":149}},"branchMap":{"0":{"loc":{"start":{"line":67,"column":8},"end":{"line":86,"column":9}},"type":"if","locations":[{"start":{"line":67,"column":8},"end":{"line":86,"column":9}},{"start":{"line":82,"column":15},"end":{"line":86,"column":9}}],"line":67},"1":{"loc":{"start":{"line":67,"column":12},"end":{"line":67,"column":38}},"type":"binary-expr","locations":[{"start":{"line":67,"column":12},"end":{"line":67,"column":26}},{"start":{"line":67,"column":30},"end":{"line":67,"column":38}}],"line":67},"2":{"loc":{"start":{"line":74,"column":12},"end":{"line":80,"column":13}},"type":"if","locations":[{"start":{"line":74,"column":12},"end":{"line":80,"column":13}},{"start":{"line":78,"column":19},"end":{"line":80,"column":13}}],"line":74},"3":{"loc":{"start":{"line":96,"column":8},"end":{"line":115,"column":9}},"type":"if","locations":[{"start":{"line":96,"column":8},"end":{"line":115,"column":9}},{"start":{"line":111,"column":15},"end":{"line":115,"column":9}}],"line":96},"4":{"loc":{"start":{"line":96,"column":12},"end":{"line":96,"column":38}},"type":"binary-expr","locations":[{"start":{"line":96,"column":12},"end":{"line":96,"column":26}},{"start":{"line":96,"column":30},"end":{"line":96,"column":38}}],"line":96},"5":{"loc":{"start":{"line":103,"column":12},"end":{"line":109,"column":13}},"type":"if","locations":[{"start":{"line":103,"column":12},"end":{"line":109,"column":13}},{"start":{"line":107,"column":19},"end":{"line":109,"column":13}}],"line":103},"6":{"loc":{"start":{"line":148,"column":2},"end":{"line":153,"column":3}},"type":"if","locations":[{"start":{"line":148,"column":2},"end":{"line":153,"column":3}},{"start":{},"end":{}}],"line":148}},"s":{"0":1,"1":1,"2":1,"3":1,"4":2,"5":1,"6":3,"7":3,"8":3,"9":3,"10":3,"11":3,"12":2,"13":2,"14":2,"15":2,"16":2,"17":0,"18":0,"19":0,"20":0,"21":0,"22":0,"23":3,"24":1,"25":1,"26":1,"27":1,"28":1,"29":0,"30":0,"31":0,"32":0,"33":0,"34":0,"35":3,"36":0,"37":0,"38":0,"39":0,"40":0,"41":0,"42":0,"43":0,"44":0,"45":0,"46":0,"47":0,"48":0,"49":0,"50":0,"51":1},"f":{"0":2,"1":1,"2":3,"3":2,"4":0,"5":1,"6":0,"7":0,"8":0,"9":0,"10":0},"b":{"0":[2,0],"1":[2,2],"2":[0,0],"3":[1,0],"4":[1,1],"5":[0,0],"6":[0,0]},"_coverageSchema":"1a1c01bbd47fc00a2c39e90264f33305004495a9","hash":"adfddcc85241f5dc8a05caccdb50a2c6fb9912bb"}
,"/home/apop/DEV/sokogateOS/src/ingestion/adapters/salesforceCrmAdapter.js": {"path":"/home/apop/DEV/sokogateOS/src/ingestion/adapters/salesforceCrmAdapter.js","statementMap":{"0":{"start":{"line":4,"column":30},"end":{"line":4,"column":59}},"1":{"start":{"line":5,"column":15},"end":{"line":5,"column":44}},"2":{"start":{"line":7,"column":15},"end":{"line":7,"column":19}},"3":{"start":{"line":8,"column":21},"end":{"line":8,"column":26}},"4":{"start":{"line":12,"column":2},"end":{"line":21,"column":4}},"5":{"start":{"line":26,"column":2},"end":{"line":76,"column":3}},"6":{"start":{"line":27,"column":4},"end":{"line":27,"column":58}},"7":{"start":{"line":30,"column":4},"end":{"line":30,"column":41}},"8":{"start":{"line":31,"column":4},"end":{"line":31,"column":26}},"9":{"start":{"line":32,"column":4},"end":{"line":32,"column":68}},"10":{"start":{"line":35,"column":4},"end":{"line":61,"column":14}},"11":{"start":{"line":36,"column":6},"end":{"line":60,"column":7}},"12":{"start":{"line":38,"column":8},"end":{"line":57,"column":9}},"13":{"start":{"line":39,"column":27},"end":{"line":39,"column":57}},"14":{"start":{"line":40,"column":26},"end":{"line":40,"column":50}},"15":{"start":{"line":42,"column":10},"end":{"line":52,"column":13}},"16":{"start":{"line":45,"column":12},"end":{"line":51,"column":13}},"17":{"start":{"line":46,"column":14},"end":{"line":46,"column":83}},"18":{"start":{"line":50,"column":14},"end":{"line":50,"column":90}},"19":{"start":{"line":55,"column":27},"end":{"line":55,"column":57}},"20":{"start":{"line":56,"column":10},"end":{"line":56,"column":112}},"21":{"start":{"line":59,"column":8},"end":{"line":59,"column":83}},"22":{"start":{"line":63,"column":4},"end":{"line":63,"column":63}},"23":{"start":{"line":65,"column":4},"end":{"line":65,"column":74}},"24":{"start":{"line":66,"column":4},"end":{"line":66,"column":84}},"25":{"start":{"line":68,"column":4},"end":{"line":75,"column":14}},"26":{"start":{"line":69,"column":6},"end":{"line":74,"column":7}},"27":{"start":{"line":70,"column":25},"end":{"line":70,"column":55}},"28":{"start":{"line":71,"column":8},"end":{"line":71,"column":109}},"29":{"start":{"line":73,"column":8},"end":{"line":73,"column":87}},"30":{"start":{"line":81,"column":2},"end":{"line":86,"column":3}},"31":{"start":{"line":82,"column":4},"end":{"line":85,"column":7}},"32":{"start":{"line":83,"column":6},"end":{"line":83,"column":67}},"33":{"start":{"line":94,"column":0},"end":{"line":94,"column":47}}},"fnMap":{"0":{"name":"generateMockCustomerFeedback","decl":{"start":{"line":11,"column":9},"end":{"line":11,"column":37}},"loc":{"start":{"line":11,"column":40},"end":{"line":22,"column":1}},"line":11},"1":{"name":"startSalesforceCrmAdapter","decl":{"start":{"line":25,"column":15},"end":{"line":25,"column":40}},"loc":{"start":{"line":25,"column":43},"end":{"line":77,"column":1}},"line":25},"2":{"name":"(anonymous_2)","decl":{"start":{"line":35,"column":16},"end":{"line":35,"column":17}},"loc":{"start":{"line":35,"column":28},"end":{"line":61,"column":5}},"line":35},"3":{"name":"(anonymous_3)","decl":{"start":{"line":44,"column":13},"end":{"line":44,"column":14}},"loc":{"start":{"line":44,"column":28},"end":{"line":52,"column":11}},"line":44},"4":{"name":"(anonymous_4)","decl":{"start":{"line":68,"column":16},"end":{"line":68,"column":17}},"loc":{"start":{"line":68,"column":28},"end":{"line":75,"column":5}},"line":68},"5":{"name":"shutdown","decl":{"start":{"line":80,"column":9},"end":{"line":80,"column":17}},"loc":{"start":{"line":80,"column":20},"end":{"line":88,"column":1}},"line":80},"6":{"name":"(anonymous_6)","decl":{"start":{"line":82,"column":19},"end":{"line":82,"column":20}},"loc":{"start":{"line":82,"column":25},"end":{"line":85,"column":5}},"line":82}},"branchMap":{"0":{"loc":{"start":{"line":38,"column":8},"end":{"line":57,"column":9}},"type":"if","locations":[{"start":{"line":38,"column":8},"end":{"line":57,"column":9}},{"start":{"line":53,"column":15},"end":{"line":57,"column":9}}],"line":38},"1":{"loc":{"start":{"line":38,"column":12},"end":{"line":38,"column":38}},"type":"binary-expr","locations":[{"start":{"line":38,"column":12},"end":{"line":38,"column":26}},{"start":{"line":38,"column":30},"end":{"line":38,"column":38}}],"line":38},"2":{"loc":{"start":{"line":45,"column":12},"end":{"line":51,"column":13}},"type":"if","locations":[{"start":{"line":45,"column":12},"end":{"line":51,"column":13}},{"start":{"line":49,"column":19},"end":{"line":51,"column":13}}],"line":45},"3":{"loc":{"start":{"line":81,"column":2},"end":{"line":86,"column":3}},"type":"if","locations":[{"start":{"line":81,"column":2},"end":{"line":86,"column":3}},{"start":{},"end":{}}],"line":81}},"s":{"0":1,"1":1,"2":1,"3":1,"4":1,"5":2,"6":2,"7":2,"8":2,"9":2,"10":2,"11":1,"12":1,"13":1,"14":1,"15":1,"16":0,"17":0,"18":0,"19":0,"20":0,"21":0,"22":2,"23":0,"24":0,"25":0,"26":0,"27":0,"28":0,"29":0,"30":0,"31":0,"32":0,"33":1},"f":{"0":1,"1":2,"2":1,"3":0,"4":0,"5":0,"6":0},"b":{"0":[1,0],"1":[1,1],"2":[0,0],"3":[0,0]},"_coverageSchema":"1a1c01bbd47fc00a2c39e90264f33305004495a9","hash":"489c8c3f37f3b6f12b493f8b912b415c55571d3b"}
,"/home/apop/DEV/sokogateOS/src/ingestion/adapters/sapProductAdapter.js": {"path":"/home/apop/DEV/sokogateOS/src/ingestion/adapters/sapProductAdapter.js","statementMap":{"0":{"start":{"line":4,"column":30},"end":{"line":4,"column":59}},"1":{"start":{"line":5,"column":15},"end":{"line":5,"column":44}},"2":{"start":{"line":7,"column":15},"end":{"line":7,"column":19}},"3":{"start":{"line":8,"column":21},"end":{"line":8,"column":26}},"4":{"start":{"line":12,"column":2},"end":{"line":22,"column":4}},"5":{"start":{"line":27,"column":2},"end":{"line":77,"column":3}},"6":{"start":{"line":28,"column":4},"end":{"line":28,"column":55}},"7":{"start":{"line":31,"column":4},"end":{"line":31,"column":41}},"8":{"start":{"line":32,"column":4},"end":{"line":32,"column":26}},"9":{"start":{"line":33,"column":4},"end":{"line":33,"column":65}},"10":{"start":{"line":36,"column":4},"end":{"line":62,"column":14}},"11":{"start":{"line":37,"column":6},"end":{"line":61,"column":7}},"12":{"start":{"line":39,"column":8},"end":{"line":58,"column":9}},"13":{"start":{"line":40,"column":32},"end":{"line":40,"column":59}},"14":{"start":{"line":41,"column":26},"end":{"line":41,"column":55}},"15":{"start":{"line":43,"column":10},"end":{"line":53,"column":13}},"16":{"start":{"line":46,"column":12},"end":{"line":52,"column":13}},"17":{"start":{"line":47,"column":14},"end":{"line":47,"column":80}},"18":{"start":{"line":51,"column":14},"end":{"line":51,"column":97}},"19":{"start":{"line":56,"column":32},"end":{"line":56,"column":59}},"20":{"start":{"line":57,"column":10},"end":{"line":57,"column":119}},"21":{"start":{"line":60,"column":8},"end":{"line":60,"column":80}},"22":{"start":{"line":64,"column":4},"end":{"line":64,"column":60}},"23":{"start":{"line":66,"column":4},"end":{"line":66,"column":71}},"24":{"start":{"line":67,"column":4},"end":{"line":67,"column":81}},"25":{"start":{"line":69,"column":4},"end":{"line":76,"column":14}},"26":{"start":{"line":70,"column":6},"end":{"line":75,"column":7}},"27":{"start":{"line":71,"column":30},"end":{"line":71,"column":57}},"28":{"start":{"line":72,"column":8},"end":{"line":72,"column":116}},"29":{"start":{"line":74,"column":8},"end":{"line":74,"column":84}},"30":{"start":{"line":82,"column":2},"end":{"line":87,"column":3}},"31":{"start":{"line":83,"column":4},"end":{"line":86,"column":7}},"32":{"start":{"line":84,"column":6},"end":{"line":84,"column":64}},"33":{"start":{"line":95,"column":0},"end":{"line":95,"column":44}}},"fnMap":{"0":{"name":"generateMockProductUpdate","decl":{"start":{"line":11,"column":9},"end":{"line":11,"column":34}},"loc":{"start":{"line":11,"column":37},"end":{"line":23,"column":1}},"line":11},"1":{"name":"startSapProductAdapter","decl":{"start":{"line":26,"column":15},"end":{"line":26,"column":37}},"loc":{"start":{"line":26,"column":40},"end":{"line":78,"column":1}},"line":26},"2":{"name":"(anonymous_2)","decl":{"start":{"line":36,"column":16},"end":{"line":36,"column":17}},"loc":{"start":{"line":36,"column":28},"end":{"line":62,"column":5}},"line":36},"3":{"name":"(anonymous_3)","decl":{"start":{"line":45,"column":13},"end":{"line":45,"column":14}},"loc":{"start":{"line":45,"column":28},"end":{"line":53,"column":11}},"line":45},"4":{"name":"(anonymous_4)","decl":{"start":{"line":69,"column":16},"end":{"line":69,"column":17}},"loc":{"start":{"line":69,"column":28},"end":{"line":76,"column":5}},"line":69},"5":{"name":"shutdown","decl":{"start":{"line":81,"column":9},"end":{"line":81,"column":17}},"loc":{"start":{"line":81,"column":20},"end":{"line":89,"column":1}},"line":81},"6":{"name":"(anonymous_6)","decl":{"start":{"line":83,"column":19},"end":{"line":83,"column":20}},"loc":{"start":{"line":83,"column":25},"end":{"line":86,"column":5}},"line":83}},"branchMap":{"0":{"loc":{"start":{"line":39,"column":8},"end":{"line":58,"column":9}},"type":"if","locations":[{"start":{"line":39,"column":8},"end":{"line":58,"column":9}},{"start":{"line":54,"column":15},"end":{"line":58,"column":9}}],"line":39},"1":{"loc":{"start":{"line":39,"column":12},"end":{"line":39,"column":38}},"type":"binary-expr","locations":[{"start":{"line":39,"column":12},"end":{"line":39,"column":26}},{"start":{"line":39,"column":30},"end":{"line":39,"column":38}}],"line":39},"2":{"loc":{"start":{"line":46,"column":12},"end":{"line":52,"column":13}},"type":"if","locations":[{"start":{"line":46,"column":12},"end":{"line":52,"column":13}},{"start":{"line":50,"column":19},"end":{"line":52,"column":13}}],"line":46},"3":{"loc":{"start":{"line":82,"column":2},"end":{"line":87,"column":3}},"type":"if","locations":[{"start":{"line":82,"column":2},"end":{"line":87,"column":3}},{"start":{},"end":{}}],"line":82}},"s":{"0":1,"1":1,"2":1,"3":1,"4":1,"5":2,"6":2,"7":2,"8":2,"9":2,"10":2,"11":1,"12":1,"13":1,"14":1,"15":1,"16":0,"17":0,"18":0,"19":0,"20":0,"21":0,"22":2,"23":0,"24":0,"25":0,"26":0,"27":0,"28":0,"29":0,"30":0,"31":0,"32":0,"33":1},"f":{"0":1,"1":2,"2":1,"3":0,"4":0,"5":0,"6":0},"b":{"0":[1,0],"1":[1,1],"2":[0,0],"3":[0,0]},"_coverageSchema":"1a1c01bbd47fc00a2c39e90264f33305004495a9","hash":"f11b1ba029b814010d3dc99ffe80956a14174646"}
,"/home/apop/DEV/sokogateOS/src/ingestion/adapters/shipbobLogisticsAdapter.js": {"path":"/home/apop/DEV/sokogateOS/src/ingestion/adapters/shipbobLogisticsAdapter.js","statementMap":{"0":{"start":{"line":4,"column":30},"end":{"line":4,"column":59}},"1":{"start":{"line":5,"column":15},"end":{"line":5,"column":44}},"2":{"start":{"line":7,"column":15},"end":{"line":7,"column":19}},"3":{"start":{"line":8,"column":21},"end":{"line":8,"column":26}},"4":{"start":{"line":12,"column":2},"end":{"line":21,"column":4}},"5":{"start":{"line":26,"column":2},"end":{"line":36,"column":4}},"6":{"start":{"line":41,"column":2},"end":{"line":129,"column":3}},"7":{"start":{"line":42,"column":4},"end":{"line":42,"column":61}},"8":{"start":{"line":45,"column":4},"end":{"line":45,"column":41}},"9":{"start":{"line":46,"column":4},"end":{"line":46,"column":26}},"10":{"start":{"line":47,"column":4},"end":{"line":47,"column":71}},"11":{"start":{"line":50,"column":4},"end":{"line":76,"column":14}},"12":{"start":{"line":51,"column":6},"end":{"line":75,"column":7}},"13":{"start":{"line":53,"column":8},"end":{"line":72,"column":9}},"14":{"start":{"line":54,"column":34},"end":{"line":54,"column":63}},"15":{"start":{"line":55,"column":26},"end":{"line":55,"column":57}},"16":{"start":{"line":57,"column":10},"end":{"line":67,"column":13}},"17":{"start":{"line":60,"column":12},"end":{"line":66,"column":13}},"18":{"start":{"line":61,"column":14},"end":{"line":61,"column":95}},"19":{"start":{"line":65,"column":14},"end":{"line":65,"column":109}},"20":{"start":{"line":70,"column":34},"end":{"line":70,"column":63}},"21":{"start":{"line":71,"column":10},"end":{"line":71,"column":131}},"22":{"start":{"line":74,"column":8},"end":{"line":74,"column":98}},"23":{"start":{"line":79,"column":4},"end":{"line":105,"column":14}},"24":{"start":{"line":80,"column":6},"end":{"line":104,"column":7}},"25":{"start":{"line":82,"column":8},"end":{"line":101,"column":9}},"26":{"start":{"line":83,"column":31},"end":{"line":83,"column":57}},"27":{"start":{"line":84,"column":26},"end":{"line":84,"column":54}},"28":{"start":{"line":86,"column":10},"end":{"line":96,"column":13}},"29":{"start":{"line":89,"column":12},"end":{"line":95,"column":13}},"30":{"start":{"line":90,"column":14},"end":{"line":90,"column":92}},"31":{"start":{"line":94,"column":14},"end":{"line":94,"column":99}},"32":{"start":{"line":99,"column":31},"end":{"line":99,"column":57}},"33":{"start":{"line":100,"column":10},"end":{"line":100,"column":121}},"34":{"start":{"line":103,"column":8},"end":{"line":103,"column":94}},"35":{"start":{"line":107,"column":4},"end":{"line":107,"column":66}},"36":{"start":{"line":109,"column":4},"end":{"line":109,"column":77}},"37":{"start":{"line":110,"column":4},"end":{"line":110,"column":87}},"38":{"start":{"line":112,"column":4},"end":{"line":119,"column":14}},"39":{"start":{"line":113,"column":6},"end":{"line":118,"column":7}},"40":{"start":{"line":114,"column":32},"end":{"line":114,"column":61}},"41":{"start":{"line":115,"column":8},"end":{"line":115,"column":128}},"42":{"start":{"line":117,"column":8},"end":{"line":117,"column":102}},"43":{"start":{"line":121,"column":4},"end":{"line":128,"column":14}},"44":{"start":{"line":122,"column":6},"end":{"line":127,"column":7}},"45":{"start":{"line":123,"column":29},"end":{"line":123,"column":55}},"46":{"start":{"line":124,"column":8},"end":{"line":124,"column":118}},"47":{"start":{"line":126,"column":8},"end":{"line":126,"column":98}},"48":{"start":{"line":134,"column":2},"end":{"line":139,"column":3}},"49":{"start":{"line":135,"column":4},"end":{"line":138,"column":7}},"50":{"start":{"line":136,"column":6},"end":{"line":136,"column":70}},"51":{"start":{"line":147,"column":0},"end":{"line":147,"column":50}}},"fnMap":{"0":{"name":"generateMockInventoryChange","decl":{"start":{"line":11,"column":9},"end":{"line":11,"column":36}},"loc":{"start":{"line":11,"column":39},"end":{"line":22,"column":1}},"line":11},"1":{"name":"generateMockOrderCreated","decl":{"start":{"line":25,"column":9},"end":{"line":25,"column":33}},"loc":{"start":{"line":25,"column":36},"end":{"line":37,"column":1}},"line":25},"2":{"name":"startShipBobLogisticsAdapter","decl":{"start":{"line":40,"column":15},"end":{"line":40,"column":43}},"loc":{"start":{"line":40,"column":46},"end":{"line":130,"column":1}},"line":40},"3":{"name":"(anonymous_3)","decl":{"start":{"line":50,"column":16},"end":{"line":50,"column":17}},"loc":{"start":{"line":50,"column":28},"end":{"line":76,"column":5}},"line":50},"4":{"name":"(anonymous_4)","decl":{"start":{"line":59,"column":13},"end":{"line":59,"column":14}},"loc":{"start":{"line":59,"column":28},"end":{"line":67,"column":11}},"line":59},"5":{"name":"(anonymous_5)","decl":{"start":{"line":79,"column":16},"end":{"line":79,"column":17}},"loc":{"start":{"line":79,"column":28},"end":{"line":105,"column":5}},"line":79},"6":{"name":"(anonymous_6)","decl":{"start":{"line":88,"column":13},"end":{"line":88,"column":14}},"loc":{"start":{"line":88,"column":28},"end":{"line":96,"column":11}},"line":88},"7":{"name":"(anonymous_7)","decl":{"start":{"line":112,"column":16},"end":{"line":112,"column":17}},"loc":{"start":{"line":112,"column":28},"end":{"line":119,"column":5}},"line":112},"8":{"name":"(anonymous_8)","decl":{"start":{"line":121,"column":16},"end":{"line":121,"column":17}},"loc":{"start":{"line":121,"column":28},"end":{"line":128,"column":5}},"line":121},"9":{"name":"shutdown","decl":{"start":{"line":133,"column":9},"end":{"line":133,"column":17}},"loc":{"start":{"line":133,"column":20},"end":{"line":141,"column":1}},"line":133},"10":{"name":"(anonymous_10)","decl":{"start":{"line":135,"column":19},"end":{"line":135,"column":20}},"loc":{"start":{"line":135,"column":25},"end":{"line":138,"column":5}},"line":135}},"branchMap":{"0":{"loc":{"start":{"line":53,"column":8},"end":{"line":72,"column":9}},"type":"if","locations":[{"start":{"line":53,"column":8},"end":{"line":72,"column":9}},{"start":{"line":68,"column":15},"end":{"line":72,"column":9}}],"line":53},"1":{"loc":{"start":{"line":53,"column":12},"end":{"line":53,"column":38}},"type":"binary-expr","locations":[{"start":{"line":53,"column":12},"end":{"line":53,"column":26}},{"start":{"line":53,"column":30},"end":{"line":53,"column":38}}],"line":53},"2":{"loc":{"start":{"line":60,"column":12},"end":{"line":66,"column":13}},"type":"if","locations":[{"start":{"line":60,"column":12},"end":{"line":66,"column":13}},{"start":{"line":64,"column":19},"end":{"line":66,"column":13}}],"line":60},"3":{"loc":{"start":{"line":82,"column":8},"end":{"line":101,"column":9}},"type":"if","locations":[{"start":{"line":82,"column":8},"end":{"line":101,"column":9}},{"start":{"line":97,"column":15},"end":{"line":101,"column":9}}],"line":82},"4":{"loc":{"start":{"line":82,"column":12},"end":{"line":82,"column":38}},"type":"binary-expr","locations":[{"start":{"line":82,"column":12},"end":{"line":82,"column":26}},{"start":{"line":82,"column":30},"end":{"line":82,"column":38}}],"line":82},"5":{"loc":{"start":{"line":89,"column":12},"end":{"line":95,"column":13}},"type":"if","locations":[{"start":{"line":89,"column":12},"end":{"line":95,"column":13}},{"start":{"line":93,"column":19},"end":{"line":95,"column":13}}],"line":89},"6":{"loc":{"start":{"line":134,"column":2},"end":{"line":139,"column":3}},"type":"if","locations":[{"start":{"line":134,"column":2},"end":{"line":139,"column":3}},{"start":{},"end":{}}],"line":134}},"s":{"0":1,"1":1,"2":1,"3":1,"4":2,"5":1,"6":3,"7":3,"8":3,"9":3,"10":3,"11":3,"12":2,"13":2,"14":2,"15":2,"16":2,"17":0,"18":0,"19":0,"20":0,"21":0,"22":0,"23":3,"24":1,"25":1,"26":1,"27":1,"28":1,"29":0,"30":0,"31":0,"32":0,"33":0,"34":0,"35":3,"36":0,"37":0,"38":0,"39":0,"40":0,"41":0,"42":0,"43":0,"44":0,"45":0,"46":0,"47":0,"48":0,"49":0,"50":0,"51":1},"f":{"0":2,"1":1,"2":3,"3":2,"4":0,"5":1,"6":0,"7":0,"8":0,"9":0,"10":0},"b":{"0":[2,0],"1":[2,2],"2":[0,0],"3":[1,0],"4":[1,1],"5":[0,0],"6":[0,0]},"_coverageSchema":"1a1c01bbd47fc00a2c39e90264f33305004495a9","hash":"91390a075bff0b5de36ff5f767ba14523d9a1c15"}
,"/home/apop/DEV/sokogateOS/src/ingestion/processors/documentProcessingPipeline.js": {"path":"/home/apop/DEV/sokogateOS/src/ingestion/processors/documentProcessingPipeline.js","statementMap":{"0":{"start":{"line":4,"column":30},"end":{"line":4,"column":59}},"1":{"start":{"line":5,"column":15},"end":{"line":5,"column":44}},"2":{"start":{"line":7,"column":15},"end":{"line":7,"column":19}},"3":{"start":{"line":10,"column":23},"end":{"line":18,"column":1}},"4":{"start":{"line":23,"column":26},"end":{"line":23,"column":62}},"5":{"start":{"line":26,"column":24},"end":{"line":26,"column":62}},"6":{"start":{"line":27,"column":24},"end":{"line":29,"column":12}},"7":{"start":{"line":28,"column":4},"end":{"line":28,"column":60}},"8":{"start":{"line":32,"column":19},"end":{"line":41,"column":3}},"9":{"start":{"line":43,"column":2},"end":{"line":53,"column":4}},"10":{"start":{"line":57,"column":21},"end":{"line":57,"column":79}},"11":{"start":{"line":58,"column":2},"end":{"line":58,"column":67}},"12":{"start":{"line":63,"column":2},"end":{"line":108,"column":3}},"13":{"start":{"line":64,"column":4},"end":{"line":64,"column":64}},"14":{"start":{"line":67,"column":4},"end":{"line":67,"column":41}},"15":{"start":{"line":68,"column":4},"end":{"line":68,"column":74}},"16":{"start":{"line":71,"column":4},"end":{"line":102,"column":14}},"17":{"start":{"line":72,"column":6},"end":{"line":101,"column":7}},"18":{"start":{"line":74,"column":29},"end":{"line":83,"column":9}},"19":{"start":{"line":86,"column":34},"end":{"line":86,"column":63}},"20":{"start":{"line":87,"column":24},"end":{"line":87,"column":57}},"21":{"start":{"line":90,"column":8},"end":{"line":98,"column":11}},"22":{"start":{"line":93,"column":10},"end":{"line":97,"column":11}},"23":{"start":{"line":94,"column":12},"end":{"line":94,"column":98}},"24":{"start":{"line":96,"column":12},"end":{"line":96,"column":108}},"25":{"start":{"line":100,"column":8},"end":{"line":100,"column":95}},"26":{"start":{"line":104,"column":4},"end":{"line":104,"column":69}},"27":{"start":{"line":106,"column":4},"end":{"line":106,"column":74}},"28":{"start":{"line":107,"column":4},"end":{"line":107,"column":20}},"29":{"start":{"line":113,"column":2},"end":{"line":120,"column":3}},"30":{"start":{"line":114,"column":4},"end":{"line":117,"column":7}},"31":{"start":{"line":115,"column":6},"end":{"line":115,"column":73}},"32":{"start":{"line":116,"column":6},"end":{"line":116,"column":22}},"33":{"start":{"line":119,"column":4},"end":{"line":119,"column":20}},"34":{"start":{"line":123,"column":0},"end":{"line":123,"column":31}},"35":{"start":{"line":124,"column":0},"end":{"line":124,"column":32}},"36":{"start":{"line":126,"column":0},"end":{"line":126,"column":53}}},"fnMap":{"0":{"name":"processDocument","decl":{"start":{"line":21,"column":9},"end":{"line":21,"column":24}},"loc":{"start":{"line":21,"column":35},"end":{"line":54,"column":1}},"line":21},"1":{"name":"(anonymous_1)","decl":{"start":{"line":27,"column":64},"end":{"line":27,"column":65}},"loc":{"start":{"line":28,"column":4},"end":{"line":28,"column":60}},"line":28},"2":{"name":"getRandomExtension","decl":{"start":{"line":56,"column":9},"end":{"line":56,"column":27}},"loc":{"start":{"line":56,"column":30},"end":{"line":59,"column":1}},"line":56},"3":{"name":"startDocumentProcessingPipeline","decl":{"start":{"line":62,"column":15},"end":{"line":62,"column":46}},"loc":{"start":{"line":62,"column":49},"end":{"line":109,"column":1}},"line":62},"4":{"name":"(anonymous_4)","decl":{"start":{"line":71,"column":16},"end":{"line":71,"column":17}},"loc":{"start":{"line":71,"column":28},"end":{"line":102,"column":5}},"line":71},"5":{"name":"(anonymous_5)","decl":{"start":{"line":92,"column":11},"end":{"line":92,"column":12}},"loc":{"start":{"line":92,"column":26},"end":{"line":98,"column":9}},"line":92},"6":{"name":"shutdown","decl":{"start":{"line":112,"column":9},"end":{"line":112,"column":17}},"loc":{"start":{"line":112,"column":20},"end":{"line":121,"column":1}},"line":112},"7":{"name":"(anonymous_7)","decl":{"start":{"line":114,"column":19},"end":{"line":114,"column":20}},"loc":{"start":{"line":114,"column":25},"end":{"line":117,"column":5}},"line":114}},"branchMap":{"0":{"loc":{"start":{"line":44,"column":16},"end":{"line":44,"column":82}},"type":"binary-expr","locations":[{"start":{"line":44,"column":16},"end":{"line":44,"column":35}},{"start":{"line":44,"column":39},"end":{"line":44,"column":82}}],"line":44},"1":{"loc":{"start":{"line":45,"column":22},"end":{"line":45,"column":90}},"type":"binary-expr","locations":[{"start":{"line":45,"column":22},"end":{"line":45,"column":39}},{"start":{"line":45,"column":43},"end":{"line":45,"column":90}}],"line":45},"2":{"loc":{"start":{"line":46,"column":18},"end":{"line":46,"column":126}},"type":"binary-expr","locations":[{"start":{"line":46,"column":18},"end":{"line":46,"column":31}},{"start":{"line":46,"column":35},"end":{"line":46,"column":126}}],"line":46},"3":{"loc":{"start":{"line":93,"column":10},"end":{"line":97,"column":11}},"type":"if","locations":[{"start":{"line":93,"column":10},"end":{"line":97,"column":11}},{"start":{"line":95,"column":17},"end":{"line":97,"column":11}}],"line":93},"4":{"loc":{"start":{"line":113,"column":2},"end":{"line":120,"column":3}},"type":"if","locations":[{"start":{"line":113,"column":2},"end":{"line":120,"column":3}},{"start":{"line":118,"column":9},"end":{"line":120,"column":3}}],"line":113}},"s":{"0":2,"1":2,"2":2,"3":2,"4":1,"5":1,"6":1,"7":3041,"8":1,"9":1,"10":1,"11":1,"12":2,"13":2,"14":2,"15":2,"16":2,"17":1,"18":1,"19":1,"20":1,"21":1,"22":0,"23":0,"24":0,"25":0,"26":2,"27":0,"28":0,"29":0,"30":0,"31":0,"32":0,"33":0,"34":2,"35":2,"36":2},"f":{"0":1,"1":3041,"2":1,"3":2,"4":1,"5":0,"6":0,"7":0},"b":{"0":[1,1],"1":[1,0],"2":[1,1],"3":[0,0],"4":[0,0]},"_coverageSchema":"1a1c01bbd47fc00a2c39e90264f33305004495a9","hash":"98173c04c40a7623bd6d4ceccce2706557288751"}
,"/home/apop/DEV/sokogateOS/src/models/feedback.js": {"path":"/home/apop/DEV/sokogateOS/src/models/feedback.js","statementMap":{"0":{"start":{"line":1,"column":17},"end":{"line":1,"column":36}},"1":{"start":{"line":2,"column":19},"end":{"line":2,"column":27}},"2":{"start":{"line":6,"column":23},"end":{"line":132,"column":2}},"3":{"start":{"line":135,"column":0},"end":{"line":135,"column":54}},"4":{"start":{"line":136,"column":0},"end":{"line":136,"column":57}},"5":{"start":{"line":137,"column":0},"end":{"line":137,"column":51}},"6":{"start":{"line":138,"column":0},"end":{"line":138,"column":47}},"7":{"start":{"line":139,"column":0},"end":{"line":139,"column":59}},"8":{"start":{"line":140,"column":0},"end":{"line":140,"column":41}},"9":{"start":{"line":141,"column":0},"end":{"line":141,"column":34}},"10":{"start":{"line":144,"column":0},"end":{"line":146,"column":3}},"11":{"start":{"line":145,"column":2},"end":{"line":145,"column":37}},"12":{"start":{"line":149,"column":0},"end":{"line":153,"column":2}},"13":{"start":{"line":150,"column":2},"end":{"line":150,"column":26}},"14":{"start":{"line":151,"column":2},"end":{"line":151,"column":32}},"15":{"start":{"line":152,"column":2},"end":{"line":152,"column":21}},"16":{"start":{"line":156,"column":0},"end":{"line":198,"column":2}},"17":{"start":{"line":157,"column":16},"end":{"line":157,"column":29}},"18":{"start":{"line":158,"column":2},"end":{"line":158,"column":71}},"19":{"start":{"line":158,"column":25},"end":{"line":158,"column":71}},"20":{"start":{"line":159,"column":2},"end":{"line":162,"column":3}},"21":{"start":{"line":160,"column":4},"end":{"line":160,"column":47}},"22":{"start":{"line":160,"column":26},"end":{"line":160,"column":47}},"23":{"start":{"line":161,"column":4},"end":{"line":161,"column":43}},"24":{"start":{"line":163,"column":2},"end":{"line":163,"column":68}},"25":{"start":{"line":163,"column":26},"end":{"line":163,"column":68}},"26":{"start":{"line":165,"column":20},"end":{"line":195,"column":4}},"27":{"start":{"line":197,"column":2},"end":{"line":197,"column":28}},"28":{"start":{"line":201,"column":0},"end":{"line":210,"column":2}},"29":{"start":{"line":202,"column":2},"end":{"line":209,"column":14}},"30":{"start":{"line":213,"column":0},"end":{"line":238,"column":2}},"31":{"start":{"line":214,"column":17},"end":{"line":235,"column":4}},"32":{"start":{"line":237,"column":2},"end":{"line":237,"column":85}},"33":{"start":{"line":240,"column":0},"end":{"line":240,"column":60}}},"fnMap":{"0":{"name":"(anonymous_0)","decl":{"start":{"line":144,"column":34},"end":{"line":144,"column":35}},"loc":{"start":{"line":144,"column":45},"end":{"line":146,"column":1}},"line":144},"1":{"name":"(anonymous_1)","decl":{"start":{"line":149,"column":41},"end":{"line":149,"column":42}},"loc":{"start":{"line":149,"column":52},"end":{"line":153,"column":1}},"line":149},"2":{"name":"(anonymous_2)","decl":{"start":{"line":156,"column":45},"end":{"line":156,"column":46}},"loc":{"start":{"line":156,"column":85},"end":{"line":198,"column":1}},"line":156},"3":{"name":"(anonymous_3)","decl":{"start":{"line":201,"column":50},"end":{"line":201,"column":51}},"loc":{"start":{"line":201,"column":83},"end":{"line":210,"column":1}},"line":201},"4":{"name":"(anonymous_4)","decl":{"start":{"line":213,"column":48},"end":{"line":213,"column":49}},"loc":{"start":{"line":213,"column":86},"end":{"line":238,"column":1}},"line":213}},"branchMap":{"0":{"loc":{"start":{"line":156,"column":71},"end":{"line":156,"column":83}},"type":"default-arg","locations":[{"start":{"line":156,"column":81},"end":{"line":156,"column":83}}],"line":156},"1":{"loc":{"start":{"line":158,"column":2},"end":{"line":158,"column":71}},"type":"if","locations":[{"start":{"line":158,"column":2},"end":{"line":158,"column":71}},{"start":{},"end":{}}],"line":158},"2":{"loc":{"start":{"line":159,"column":2},"end":{"line":162,"column":3}},"type":"if","locations":[{"start":{"line":159,"column":2},"end":{"line":162,"column":3}},{"start":{},"end":{}}],"line":159},"3":{"loc":{"start":{"line":160,"column":4},"end":{"line":160,"column":47}},"type":"if","locations":[{"start":{"line":160,"column":4},"end":{"line":160,"column":47}},{"start":{},"end":{}}],"line":160},"4":{"loc":{"start":{"line":163,"column":2},"end":{"line":163,"column":68}},"type":"if","locations":[{"start":{"line":163,"column":2},"end":{"line":163,"column":68}},{"start":{},"end":{}}],"line":163},"5":{"loc":{"start":{"line":197,"column":9},"end":{"line":197,"column":27}},"type":"binary-expr","locations":[{"start":{"line":197,"column":9},"end":{"line":197,"column":21}},{"start":{"line":197,"column":25},"end":{"line":197,"column":27}}],"line":197},"6":{"loc":{"start":{"line":204,"column":23},"end":{"line":204,"column":78}},"type":"binary-expr","locations":[{"start":{"line":204,"column":23},"end":{"line":204,"column":28}},{"start":{"line":204,"column":32},"end":{"line":204,"column":78}}],"line":204},"7":{"loc":{"start":{"line":237,"column":9},"end":{"line":237,"column":84}},"type":"binary-expr","locations":[{"start":{"line":237,"column":9},"end":{"line":237,"column":18}},{"start":{"line":237,"column":22},"end":{"line":237,"column":84}}],"line":237}},"s":{"0":1,"1":1,"2":1,"3":1,"4":1,"5":1,"6":1,"7":1,"8":1,"9":1,"10":1,"11":0,"12":1,"13":0,"14":0,"15":0,"16":1,"17":0,"18":0,"19":0,"20":0,"21":0,"22":0,"23":0,"24":0,"25":0,"26":0,"27":0,"28":1,"29":0,"30":1,"31":0,"32":0,"33":1},"f":{"0":0,"1":0,"2":0,"3":0,"4":0},"b":{"0":[0],"1":[0,0],"2":[0,0],"3":[0,0],"4":[0,0],"5":[0,0],"6":[0,0],"7":[0,0]},"_coverageSchema":"1a1c01bbd47fc00a2c39e90264f33305004495a9","hash":"34bf69416908d4fa68a8a7f2ff2de43329c095c1"}
,"/home/apop/DEV/sokogateOS/src/models/sourcing.js": {"path":"/home/apop/DEV/sokogateOS/src/models/sourcing.js","statementMap":{"0":{"start":{"line":1,"column":17},"end":{"line":1,"column":36}},"1":{"start":{"line":2,"column":19},"end":{"line":2,"column":27}},"2":{"start":{"line":6,"column":23},"end":{"line":266,"column":2}},"3":{"start":{"line":269,"column":0},"end":{"line":269,"column":39}},"4":{"start":{"line":270,"column":0},"end":{"line":270,"column":40}},"5":{"start":{"line":271,"column":0},"end":{"line":271,"column":39}},"6":{"start":{"line":272,"column":0},"end":{"line":272,"column":47}},"7":{"start":{"line":273,"column":0},"end":{"line":273,"column":64}},"8":{"start":{"line":274,"column":0},"end":{"line":274,"column":58}},"9":{"start":{"line":275,"column":0},"end":{"line":275,"column":58}},"10":{"start":{"line":276,"column":0},"end":{"line":276,"column":89}},"11":{"start":{"line":277,"column":0},"end":{"line":277,"column":37}},"12":{"start":{"line":278,"column":0},"end":{"line":278,"column":40}},"13":{"start":{"line":279,"column":0},"end":{"line":279,"column":39}},"14":{"start":{"line":282,"column":0},"end":{"line":287,"column":3}},"15":{"start":{"line":283,"column":2},"end":{"line":285,"column":3}},"16":{"start":{"line":284,"column":4},"end":{"line":284,"column":16}},"17":{"start":{"line":286,"column":2},"end":{"line":286,"column":94}},"18":{"start":{"line":290,"column":0},"end":{"line":304,"column":2}},"19":{"start":{"line":298,"column":26},"end":{"line":298,"column":66}},"20":{"start":{"line":299,"column":26},"end":{"line":300,"column":128}},"21":{"start":{"line":300,"column":60},"end":{"line":300,"column":89}},"22":{"start":{"line":301,"column":27},"end":{"line":301,"column":101}},"23":{"start":{"line":303,"column":2},"end":{"line":303,"column":68}},"24":{"start":{"line":307,"column":0},"end":{"line":341,"column":2}},"25":{"start":{"line":308,"column":16},"end":{"line":308,"column":69}},"26":{"start":{"line":309,"column":2},"end":{"line":311,"column":3}},"27":{"start":{"line":310,"column":4},"end":{"line":310,"column":50}},"28":{"start":{"line":312,"column":2},"end":{"line":315,"column":3}},"29":{"start":{"line":313,"column":4},"end":{"line":313,"column":47}},"30":{"start":{"line":313,"column":26},"end":{"line":313,"column":47}},"31":{"start":{"line":314,"column":4},"end":{"line":314,"column":43}},"32":{"start":{"line":317,"column":20},"end":{"line":338,"column":4}},"33":{"start":{"line":340,"column":2},"end":{"line":340,"column":28}},"34":{"start":{"line":343,"column":0},"end":{"line":343,"column":60}}},"fnMap":{"0":{"name":"(anonymous_0)","decl":{"start":{"line":282,"column":45},"end":{"line":282,"column":46}},"loc":{"start":{"line":282,"column":56},"end":{"line":287,"column":1}},"line":282},"1":{"name":"(anonymous_1)","decl":{"start":{"line":290,"column":47},"end":{"line":290,"column":48}},"loc":{"start":{"line":290,"column":58},"end":{"line":304,"column":1}},"line":290},"2":{"name":"(anonymous_2)","decl":{"start":{"line":300,"column":44},"end":{"line":300,"column":45}},"loc":{"start":{"line":300,"column":60},"end":{"line":300,"column":89}},"line":300},"3":{"name":"(anonymous_3)","decl":{"start":{"line":307,"column":45},"end":{"line":307,"column":46}},"loc":{"start":{"line":307,"column":85},"end":{"line":341,"column":1}},"line":307}},"branchMap":{"0":{"loc":{"start":{"line":283,"column":2},"end":{"line":285,"column":3}},"type":"if","locations":[{"start":{"line":283,"column":2},"end":{"line":285,"column":3}},{"start":{},"end":{}}],"line":283},"1":{"loc":{"start":{"line":283,"column":6},"end":{"line":283,"column":93}},"type":"binary-expr","locations":[{"start":{"line":283,"column":6},"end":{"line":283,"column":45}},{"start":{"line":283,"column":49},"end":{"line":283,"column":93}}],"line":283},"2":{"loc":{"start":{"line":298,"column":26},"end":{"line":298,"column":66}},"type":"cond-expr","locations":[{"start":{"line":298,"column":57},"end":{"line":298,"column":60}},{"start":{"line":298,"column":63},"end":{"line":298,"column":66}}],"line":298},"3":{"loc":{"start":{"line":299,"column":26},"end":{"line":300,"column":128}},"type":"cond-expr","locations":[{"start":{"line":300,"column":4},"end":{"line":300,"column":124}},{"start":{"line":300,"column":127},"end":{"line":300,"column":128}}],"line":299},"4":{"loc":{"start":{"line":300,"column":67},"end":{"line":300,"column":88}},"type":"binary-expr","locations":[{"start":{"line":300,"column":67},"end":{"line":300,"column":83}},{"start":{"line":300,"column":87},"end":{"line":300,"column":88}}],"line":300},"5":{"loc":{"start":{"line":301,"column":27},"end":{"line":301,"column":101}},"type":"binary-expr","locations":[{"start":{"line":301,"column":27},"end":{"line":301,"column":94}},{"start":{"line":301,"column":98},"end":{"line":301,"column":101}}],"line":301},"6":{"loc":{"start":{"line":307,"column":71},"end":{"line":307,"column":83}},"type":"default-arg","locations":[{"start":{"line":307,"column":81},"end":{"line":307,"column":83}}],"line":307},"7":{"loc":{"start":{"line":309,"column":2},"end":{"line":311,"column":3}},"type":"if","locations":[{"start":{"line":309,"column":2},"end":{"line":311,"column":3}},{"start":{},"end":{}}],"line":309},"8":{"loc":{"start":{"line":312,"column":2},"end":{"line":315,"column":3}},"type":"if","locations":[{"start":{"line":312,"column":2},"end":{"line":315,"column":3}},{"start":{},"end":{}}],"line":312},"9":{"loc":{"start":{"line":313,"column":4},"end":{"line":313,"column":47}},"type":"if","locations":[{"start":{"line":313,"column":4},"end":{"line":313,"column":47}},{"start":{},"end":{}}],"line":313},"10":{"loc":{"start":{"line":340,"column":9},"end":{"line":340,"column":27}},"type":"binary-expr","locations":[{"start":{"line":340,"column":9},"end":{"line":340,"column":21}},{"start":{"line":340,"column":25},"end":{"line":340,"column":27}}],"line":340}},"s":{"0":1,"1":1,"2":1,"3":1,"4":1,"5":1,"6":1,"7":1,"8":1,"9":1,"10":1,"11":1,"12":1,"13":1,"14":1,"15":0,"16":0,"17":0,"18":1,"19":0,"20":0,"21":0,"22":0,"23":0,"24":1,"25":0,"26":0,"27":0,"28":0,"29":0,"30":0,"31":0,"32":0,"33":0,"34":1},"f":{"0":0,"1":0,"2":0,"3":0},"b":{"0":[0,0],"1":[0,0],"2":[0,0],"3":[0,0],"4":[0,0],"5":[0,0],"6":[0],"7":[0,0],"8":[0,0],"9":[0,0],"10":[0,0]},"_coverageSchema":"1a1c01bbd47fc00a2c39e90264f33305004495a9","hash":"e5406a84e9d6fd3601f571f339b3b0abae1e2b18"}
,"/home/apop/DEV/sokogateOS/src/models/logistics/logistics.js": {"path":"/home/apop/DEV/sokogateOS/src/models/logistics/logistics.js","statementMap":{"0":{"start":{"line":1,"column":17},"end":{"line":1,"column":36}},"1":{"start":{"line":2,"column":19},"end":{"line":2,"column":27}},"2":{"start":{"line":5,"column":24},"end":{"line":319,"column":2}},"3":{"start":{"line":322,"column":0},"end":{"line":322,"column":40}},"4":{"start":{"line":323,"column":0},"end":{"line":323,"column":38}},"5":{"start":{"line":324,"column":0},"end":{"line":324,"column":40}},"6":{"start":{"line":325,"column":0},"end":{"line":325,"column":41}},"7":{"start":{"line":326,"column":0},"end":{"line":326,"column":45}},"8":{"start":{"line":327,"column":0},"end":{"line":327,"column":37}},"9":{"start":{"line":328,"column":0},"end":{"line":328,"column":52}},"10":{"start":{"line":329,"column":0},"end":{"line":329,"column":55}},"11":{"start":{"line":330,"column":0},"end":{"line":330,"column":56}},"12":{"start":{"line":331,"column":0},"end":{"line":331,"column":50}},"13":{"start":{"line":334,"column":0},"end":{"line":339,"column":3}},"14":{"start":{"line":335,"column":2},"end":{"line":337,"column":3}},"15":{"start":{"line":336,"column":4},"end":{"line":336,"column":16}},"16":{"start":{"line":338,"column":2},"end":{"line":338,"column":62}},"17":{"start":{"line":342,"column":0},"end":{"line":347,"column":3}},"18":{"start":{"line":343,"column":2},"end":{"line":345,"column":3}},"19":{"start":{"line":344,"column":4},"end":{"line":344,"column":16}},"20":{"start":{"line":346,"column":2},"end":{"line":346,"column":65}},"21":{"start":{"line":350,"column":0},"end":{"line":382,"column":2}},"22":{"start":{"line":352,"column":21},"end":{"line":363,"column":23}},"23":{"start":{"line":366,"column":27},"end":{"line":369,"column":10}},"24":{"start":{"line":367,"column":4},"end":{"line":368,"column":64}},"25":{"start":{"line":371,"column":24},"end":{"line":371,"column":61}},"26":{"start":{"line":374,"column":24},"end":{"line":377,"column":10}},"27":{"start":{"line":375,"column":4},"end":{"line":376,"column":64}},"28":{"start":{"line":379,"column":22},"end":{"line":379,"column":57}},"29":{"start":{"line":381,"column":2},"end":{"line":381,"column":65}},"30":{"start":{"line":385,"column":0},"end":{"line":423,"column":2}},"31":{"start":{"line":386,"column":16},"end":{"line":386,"column":69}},"32":{"start":{"line":387,"column":2},"end":{"line":389,"column":3}},"33":{"start":{"line":388,"column":4},"end":{"line":388,"column":50}},"34":{"start":{"line":390,"column":2},"end":{"line":393,"column":3}},"35":{"start":{"line":391,"column":4},"end":{"line":391,"column":47}},"36":{"start":{"line":391,"column":26},"end":{"line":391,"column":47}},"37":{"start":{"line":392,"column":4},"end":{"line":392,"column":43}},"38":{"start":{"line":395,"column":20},"end":{"line":420,"column":4}},"39":{"start":{"line":422,"column":2},"end":{"line":422,"column":28}},"40":{"start":{"line":425,"column":0},"end":{"line":425,"column":62}}},"fnMap":{"0":{"name":"(anonymous_0)","decl":{"start":{"line":334,"column":43},"end":{"line":334,"column":44}},"loc":{"start":{"line":334,"column":54},"end":{"line":339,"column":1}},"line":334},"1":{"name":"(anonymous_1)","decl":{"start":{"line":342,"column":47},"end":{"line":342,"column":48}},"loc":{"start":{"line":342,"column":58},"end":{"line":347,"column":1}},"line":342},"2":{"name":"(anonymous_2)","decl":{"start":{"line":350,"column":45},"end":{"line":350,"column":46}},"loc":{"start":{"line":350,"column":56},"end":{"line":382,"column":1}},"line":350},"3":{"name":"(anonymous_3)","decl":{"start":{"line":366,"column":46},"end":{"line":3
[...]
":{"start":{"line":367,"column":4},"end":{"line":385,"column":5}},"110":{"start":{"line":368,"column":24},"end":{"line":368,"column":70}},"111":{"start":{"line":369,"column":24},"end":{"line":369,"column":61}},"112":{"start":{"line":371,"column":6},"end":{"line":384,"column":7}},"113":{"start":{"line":372,"column":23},"end":{"line":372,"column":76}},"114":{"start":{"line":373,"column":8},"end":{"line":373,"column":29}},"115":{"start":{"line":375,"column":8},"end":{"line":375,"column":83}},"116":{"start":{"line":376,"column":8},"end":{"line":383,"column":11}},"117":{"start":{"line":387,"column":4},"end":{"line":387,"column":19}},"118":{"start":{"line":396,"column":4},"end":{"line":396,"column":80}},"119":{"start":{"line":404,"column":4},"end":{"line":404,"column":81}},"120":{"start":{"line":404,"column":62},"end":{"line":404,"column":79}},"121":{"start":{"line":408,"column":0},"end":{"line":408,"column":47}}},"fnMap":{"0":{"name":"(anonymous_0)","decl":{"start":{"line":12,"column":2},"end":{"line":12,"column":3}},"loc":{"start":{"line":12,"column":16},"end":{"line":94,"column":3}},"line":12},"1":{"name":"(anonymous_1)","decl":{"start":{"line":102,"column":2},"end":{"line":102,"column":3}},"loc":{"start":{"line":102,"column":60},"end":{"line":226,"column":3}},"line":102},"2":{"name":"(anonymous_2)","decl":{"start":{"line":118,"column":37},"end":{"line":118,"column":38}},"loc":{"start":{"line":119,"column":10},"end":{"line":119,"column":51}},"line":119},"3":{"name":"(anonymous_3)","decl":{"start":{"line":132,"column":37},"end":{"line":132,"column":38}},"loc":{"start":{"line":133,"column":10},"end":{"line":133,"column":51}},"line":133},"4":{"name":"(anonymous_4)","decl":{"start":{"line":208,"column":54},"end":{"line":208,"column":55}},"loc":{"start":{"line":208,"column":61},"end":{"line":208,"column":78}},"line":208},"5":{"name":"(anonymous_5)","decl":{"start":{"line":213,"column":56},"end":{"line":213,"column":57}},"loc":{"start":{"line":213,"column":63},"end":{"line":213,"column":82}},"line":213},"6":{"name":"(anonymous_6)","decl":{"start":{"line":234,"column":2},"end":{"line":234,"column":3}},"loc":{"start":{"line":234,"column":50},"end":{"line":276,"column":3}},"line":234},"7":{"name":"(anonymous_7)","decl":{"start":{"line":268,"column":28},"end":{"line":268,"column":29}},"loc":{"start":{"line":269,"column":14},"end":{"line":269,"column":71}},"line":269},"8":{"name":"(anonymous_8)","decl":{"start":{"line":284,"column":2},"end":{"line":284,"column":3}},"loc":{"start":{"line":284,"column":52},"end":{"line":356,"column":3}},"line":284},"9":{"name":"(anonymous_9)","decl":{"start":{"line":314,"column":38},"end":{"line":314,"column":39}},"loc":{"start":{"line":314,"column":47},"end":{"line":314,"column":71}},"line":314},"10":{"name":"(anonymous_10)","decl":{"start":{"line":343,"column":34},"end":{"line":343,"column":35}},"loc":{"start":{"line":344,"column":10},"end":{"line":344,"column":59}},"line":344},"11":{"name":"(anonymous_11)","decl":{"start":{"line":348,"column":38},"end":{"line":348,"column":39}},"loc":{"start":{"line":349,"column":10},"end":{"line":349,"column":63}},"line":349},"12":{"name":"(anonymous_12)","decl":{"start":{"line":364,"column":2},"end":{"line":364,"column":3}},"loc":{"start":{"line":364,"column":69},"end":{"line":388,"column":3}},"line":364},"13":{"name":"(anonymous_13)","decl":{"start":{"line":395,"column":2},"end":{"line":395,"column":3}},"loc":{"start":{"line":395,"column":39},"end":{"line":397,"column":3}},"line":395},"14":{"name":"(anonymous_14)","decl":{"start":{"line":403,"column":2},"end":{"line":403,"column":3}},"loc":{"start":{"line":403,"column":27},"end":{"line":405,"column":3}},"line":403},"15":{"name":"(anonymous_15)","decl":{"start":{"line":404,"column":55},"end":{"line":404,"column":56}},"loc":{"start":{"line":404,"column":62},"end":{"line":404,"column":79}},"line":404}},"branchMap":{"0":{"loc":{"start":{"line":102,"column":44},"end":{"line":102,"column":58}},"type":"default-arg","locations":[{"start":{"line":102,"column":56},"end":{"line":102,"column":58}}],"line":102},"1":{"loc":{"start":{"line":104,"column":61},"end":{"line":104,"column":90}},"type":"binary-expr","locations":[{"start":{"line":104,"column":61},"end":{"line":104,"column":77}},{"start":{"line":104,"column":81},"end":{"line":104,"column":90}}],"line":104},"2":{"loc":{"start":{"line":107,"column":27},"end":{"line":107,"column":76}},"type":"binary-expr","locations":[{"start":{"line":107,"column":27},"end":{"line":107,"column":43}},{"start":{"line":107,"column":47},"end":{"line":107,"column":70}},{"start":{"line":107,"column":74},"end":{"line":107,"column":76}}],"line":107},"3":{"loc":{"start":{"line":108,"column":73},"end":{"line":108,"column":99}},"type":"binary-expr","locations":[{"start":{"line":108,"column":73},"end":{"line":108,"column":93}},{"start":{"line":108,"column":97},"end":{"line":108,"column":99}}],"line":108},"4":{"loc":{"start":{"line":109,"column":27},"end":{"line":109,"column":102}},"type":"binary-expr","locations":[{"start":{"line":109,"column":27},"end":{"line":109,"column":67}},{"start":{"line":109,"column":71},"end":{"line":109,"column":102}}],"line":109},"5":{"loc":{"start":{"line":122,"column":8},"end":{"line":122,"column":47}},"type":"if","locations":[{"start":{"line":122,"column":8},"end":{"line":122,"column":47}},{"start":{},"end":{}}],"line":122},"6":{"loc":{"start":{"line":136,"column":8},"end":{"line":136,"column":49}},"type":"if","locations":[{"start":{"line":136,"column":8},"end":{"line":136,"column":49}},{"start":{},"end":{}}],"line":136},"7":{"loc":{"start":{"line":145,"column":29},"end":{"line":145,"column":68}},"type":"cond-expr","locations":[{"start":{"line":145,"column":61},"end":{"line":145,"column":64}},{"start":{"line":145,"column":67},"end":{"line":145,"column":68}}],"line":145},"8":{"loc":{"start":{"line":157,"column":6},"end":{"line":159,"column":78}},"type":"if","locations":[{"start":{"line":157,"column":6},"end":{"line":159,"column":78}},{"start":{"line":158,"column":11},"end":{"line":159,"column":78}}],"line":157},"9":{"loc":{"start":{"line":158,"column":11},"end":{"line":159,"column":78}},"type":"if","locations":[{"start":{"line":158,"column":11},"end":{"line":159,"column":78}},{"start":{"line":159,"column":11},"end":{"line":159,"column":78}}],"line":158},"10":{"loc":{"start":{"line":159,"column":11},"end":{"line":159,"column":78}},"type":"if","locations":[{"start":{"line":159,"column":11},"end":{"line":159,"column":78}},{"start":{},"end":{}}],"line":159},"11":{"loc":{"start":{"line":166,"column":6},"end":{"line":168,"column":7}},"type":"if","locations":[{"start":{"line":166,"column":6},"end":{"line":168,"column":7}},{"start":{},"end":{}}],"line":166},"12":{"loc":{"start":{"line":170,"column":6},"end":{"line":174,"column":7}},"type":"if","locations":[{"start":{"line":170,"column":6},"end":{"line":174,"column":7}},{"start":{"line":172,"column":13},"end":{"line":174,"column":7}}],"line":170},"13":{"loc":{"start":{"line":170,"column":10},"end":{"line":170,"column":73}},"type":"binary-expr","locations":[{"start":{"line":170,"column":10},"end":{"line":170,"column":39}},{"start":{"line":170,"column":43},"end":{"line":170,"column":73}}],"line":170},"14":{"loc":{"start":{"line":172,"column":13},"end":{"line":174,"column":7}},"type":"if","locations":[{"start":{"line":172,"column":13},"end":{"line":174,"column":7}},{"start":{},"end":{}}],"line":172},"15":{"loc":{"start":{"line":177,"column":6},"end":{"line":179,"column":7}},"type":"if","locations":[{"start":{"line":177,"column":6},"end":{"line":179,"column":7}},{"start":{},"end":{}}],"line":177},"16":{"loc":{"start":{"line":180,"column":6},"end":{"line":182,"column":7}},"type":"if","locations":[{"start":{"line":180,"column":6},"end":{"line":182,"column":7}},{"start":{},"end":{}}],"line":180},"17":{"loc":{"start":{"line":183,"column":6},"end":{"line":185,"column":7}},"type":"if","locations":[{"start":{"line":183,"column":6},"end":{"line":185,"column":7}},{"start":{},"end":{}}],"line":183},"18":{"loc":{"start":{"line":186,"column":6},"end":{"line":188,"column":7}},"type":"if","locations":[{"start":{"line":186,"column":6},"end":{"line":188,"column":7}},{"start":{},"end":{}}],"line":186},"19":{"loc":{"start":{"line":189,"column":6},"end":{"line":191,"column":7}},"type":"if","locations":[{"start":{"line":189,"column":6},"end":{"line":191,"column":7}},{"start":{},"end":{}}],"line":189},"20":{"loc":{"start":{"line":196,"column":6},"end":{"line":198,"column":7}},"type":"if","locations":[{"start":{"line":196,"column":6},"end":{"line":198,"column":7}},{"start":{},"end":{}}],"line":196},"21":{"loc":{"start":{"line":196,"column":10},"end":{"line":196,"column":65}},"type":"binary-expr","locations":[{"start":{"line":196,"column":10},"end":{"line":196,"column":30}},{"start":{"line":196,"column":34},"end":{"line":196,"column":65}}],"line":196},"22":{"loc":{"start":{"line":202,"column":21},"end":{"line":202,"column":85}},"type":"binary-expr","locations":[{"start":{"line":202,"column":21},"end":{"line":202,"column":37}},{"start":{"line":202,"column":41},"end":{"line":202,"column":64}},{"start":{"line":202,"column":68},"end":{"line":202,"column":85}}],"line":202},"23":{"loc":{"start":{"line":220,"column":22},"end":{"line":220,"column":88}},"type":"cond-expr","locations":[{"start":{"line":220,"column":46},"end":{"line":220,"column":63}},{"start":{"line":220,"column":66},"end":{"line":220,"column":88}}],"line":220},"24":{"loc":{"start":{"line":241,"column":6},"end":{"line":244,"column":7}},"type":"if","locations":[{"start":{"line":241,"column":6},"end":{"line":244,"column":7}},{"start":{},"end":{}}],"line":241},"25":{"loc":{"start":{"line":241,"column":10},"end":{"line":242,"column":61}},"type":"binary-expr","locations":[{"start":{"line":241,"column":10},"end":{"line":241,"column":27}},{"start":{"line":242,"column":11},"end":{"line":242,"column":34}},{"start":{"line":242,"column":38},"end":{"line":242,"column":60}}],"line":241},"26":{"loc":{"start":{"line":266,"column":6},"end":{"line":272,"column":7}},"type":"if","locations":[{"start":{"line":266,"column":6},"end":{"line":272,"column":7}},{"start":{},"end":{}}],"line":266},"27":{"loc":{"start":{"line":268,"column":8},"end":{"line":271,"column":9}},"type":"if","locations":[{"start":{"line":268,"column":8},"end":{"line":271,"column":9}},{"start":{},"end":{}}],"line":268},"28":{"loc":{"start":{"line":269,"column":14},"end":{"line":269,"column":71}},"type":"binary-expr","locations":[{"start":{"line":269,"column":14},"end":{"line":269,"column":41}},{"start":{"line":269,"column":45},"end":{"line":269,"column":71}}],"line":269},"29":{"loc":{"start":{"line":285,"column":4},"end":{"line":285,"column":32}},"type":"if","locations":[{"start":{"line":285,"column":4},"end":{"line":285,"column":32}},{"start":{},"end":{}}],"line":285},"30":{"loc":{"start":{"line":289,"column":4},"end":{"line":318,"column":5}},"type":"if","locations":[{"start":{"line":289,"column":4},"end":{"line":318,"column":5}},{"start":{},"end":{}}],"line":289},"31":{"loc":{"start":{"line":294,"column":6},"end":{"line":294,"column":51}},"type":"if","locations":[{"start":{"line":294,"column":6},"end":{"line":294,"column":51}},{"start":{},"end":{}}],"line":294},"32":{"loc":{"start":{"line":313,"column":6},"end":{"line":315,"column":7}},"type":"if","locations":[{"start":{"line":313,"column":6},"end":{"line":315,"column":7}},{"start":{},"end":{}}],"line":313},"33":{"loc":{"start":{"line":321,"column":4},"end":{"line":352,"column":5}},"type":"if","locations":[{"start":{"line":321,"column":4},"end":{"line":352,"column":5}},{"start":{},"end":{}}],"line":321},"34":{"loc":{"start":{"line":323,"column":6},"end":{"line":325,"column":7}},"type":"if","locations":[{"start":{"line":323,"column":6},"end":{"line":325,"column":7}},{"start":{},"end":{}}],"line":323},"35":{"loc":{"start":{"line":323,"column":10},"end":{"line":323,"column":60}},"type":"binary-expr","locations":[{"start":{"line":323,"column":10},"end":{"line":323,"column":23}},{"start":{"line":323,"column":27},"end":{"line":323,"column":60}}],"line":323},"36":{"loc":{"start":{"line":324,"column":8},"end":{"line":324,"column":85}},"type":"if","locations":[{"start":{"line":324,"column":8},"end":{"line":324,"column":85}},{"start":{},"end":{}}],"line":324},"37":{"loc":{"start":{"line":326,"column":6},"end":{"line":328,"column":7}},"type":"if","locations":[{"start":{"line":326,"column":6},"end":{"line":328,"column":7}},{"start":{},"end":{}}],"line":326},"38":{"loc":{"start":{"line":326,"column":10},"end":{"line":326,"column":60}},"type":"binary-expr","locations":[{"start":{"line":326,"column":10},"end":{"line":326,"column":23}},{"start":{"line":326,"column":27},"end":{"line":326,"column":60}}],"line":326},"39":{"loc":{"start":{"line":327,"column":8},"end":{"line":327,"column":85}},"type":"if","locations":[{"start":{"line":327,"column":8},"end":{"line":327,"column":85}},{"start":{},"end":{}}],"line":327},"40":{"loc":{"start":{"line":329,"column":6},"end":{"line":331,"column":7}},"type":"if","locations":[{"start":{"line":329,"column":6},"end":{"line":331,"column":7}},{"start":{},"end":{}}],"line":329},"41":{"loc":{"start":{"line":329,"column":10},"end":{"line":329,"column":82}},"type":"binary-expr","locations":[{"start":{"line":329,"column":10},"end":{"line":329,"column":34}},{"start":{"line":329,"column":38},"end":{"line":329,"column":82}}],"line":329},"42":{"loc":{"start":{"line":330,"column":8},"end":{"line":330,"column":96}},"type":"if","locations":[{"start":{"line":330,"column":8},"end":{"line":330,"column":96}},{"start":{},"end":{}}],"line":330},"43":{"loc":{"start":{"line":334,"column":6},"end":{"line":336,"column":7}},"type":"if","locations":[{"start":{"line":334,"column":6},"end":{"line":336,"column":7}},{"start":{},"end":{}}],"line":334},"44":{"loc":{"start":{"line":334,"column":10},"end":{"line":334,"column":74}},"type":"binary-expr","locations":[{"start":{"line":334,"column":10},"end":{"line":334,"column":30}},{"start":{"line":334,"column":34},"end":{"line":334,"column":74}}],"line":334},"45":{"loc":{"start":{"line":335,"column":8},"end":{"line":335,"column":92}},"type":"if","locations":[{"start":{"line":335,"column":8},"end":{"line":335,"column":92}},{"start":{},"end":{}}],"line":335},"46":{"loc":{"start":{"line":337,"column":6},"end":{"line":339,"column":7}},"type":"if","locations":[{"start":{"line":337,"column":6},"end":{"line":339,"column":7}},{"start":{},"end":{}}],"line":337},"47":{"loc":{"start":{"line":337,"column":10},"end":{"line":337,"column":66}},"type":"binary-expr","locations":[{"start":{"line":337,"column":10},"end":{"line":337,"column":26}},{"start":{"line":337,"column":30},"end":{"line":337,"column":66}}],"line":337},"48":{"loc":{"start":{"line":338,"column":8},"end":{"line":338,"column":88}},"type":"if","locations":[{"start":{"line":338,"column":8},"end":{"line":338,"column":88}},{"start":{},"end":{}}],"line":338},"49":{"loc":{"start":{"line":342,"column":6},"end":{"line":346,"column":7}},"type":"if","locations":[{"start":{"line":342,"column":6},"end":{"line":346,"column":7}},{"start":{},"end":{}}],"line":342},"50":{"loc":{"start":{"line":342,"column":10},"end":{"line":342,"column":55}},"type":"binary-expr","locations":[{"start":{"line":342,"column":10},"end":{"line":342,"column":23}},{"start":{"line":342,"column":27},"end":{"line":342,"column":55}}],"line":342},"51":{"loc":{"start":{"line":347,"column":6},"end":{"line":351,"column":7}},"type":"if","locations":[{"start":{"line":347,"column":6},"end":{"line":351,"column":7}},{"start":{},"end":{}}],"line":347},"52":{"loc":{"start":{"line":347,"column":10},"end":{"line":347,"column":63}},"type":"binary-expr","locations":[{"start":{"line":347,"column":10},"end":{"line":347,"column":27}},{"start":{"line":347,"column":31},"end":{"line":347,"column":63}}],"line":347},"53":{"loc":{"start":{"line":364,"column":39},"end":{"line":364,"column":67}},"type":"default-arg","locations":[{"start":{"line":364,"column":58},"end":{"line":364,"column":67}}],"line":364},"54":{"loc":{"start":{"line":368,"column":24},"end":{"line":368,"column":70}},"type":"binary-expr","locations":[{"start":{"line":368,"column":24},"end":{"line":368,"column":34}},{"start":{"line":368,"column":38},"end":{"line":368,"column":49}},{"start":{"line":368,"column":53},"end":{"line":368,"column":70}}],"line":368},"55":{"loc":{"start":{"line":369,"column":24},"end":{"line":369,"column":61}},"type":"binary-expr","locations":[{"start":{"line":369,"column":24},"end":{"line":369,"column":55}},{"start":{"line":369,"column":59},"end":{"line":369,"column":61}}],"line":369},"56":{"loc":{"start":{"line":377,"column":23},"end":{"line":377,"column":79}},"type":"binary-expr","locations":[{"start":{"line":377,"column":23},"end":{"line":377,"column":35}},{"start":{"line":377,"column":39},"end":{"line":377,"column":58}},{"start":{"line":377,"column":62},"end":{"line":377,"column":79}}],"line":377},"57":{"loc":{"start":{"line":396,"column":11},"end":{"line":396,"column":79}},"type":"binary-expr","locations":[{"start":{"line":396,"column":11},"end":{"line":396,"column":44}},{"start":{"line":396,"column":48},"end":{"line":396,"column":79}}],"line":396}},"s":{"0":1,"1":1,"2":13,"3":6,"4":6,"5":6,"6":6,"7":6,"8":6,"9":6,"10":6,"11":15,"12":10,"13":15,"14":15,"15":11,"16":6,"17":6,"18":6,"19":18,"20":14,"21":18,"22":18,"23":18,"24":6,"25":6,"26":6,"27":6,"28":6,"29":6,"30":6,"31":0,"32":6,"33":1,"34":5,"35":0,"36":6,"37":6,"38":5,"39":6,"40":4,"41":2,"42":2,"43":6,"44":3,"45":6,"46":0,"47":6,"48":4,"49":6,"50":3,"51":6,"52":0,"53":6,"54":6,"55":6,"56":15,"57":18,"58":0,"59":0,"60":11,"61":11,"62":11,"63":74,"64":6,"65":5,"66":5,"67":26,"68":26,"69":26,"70":130,"71":3,"72":2,"73":32,"74":1,"75":31,"76":30,"77":30,"78":30,"79":7,"80":23,"81":23,"82":18,"83":42,"84":5,"85":1,"86":1,"87":1,"88":1,"89":0,"90":0,"91":0,"92":0,"93":0,"94":0,"95":0,"96":0,"97":0,"98":0,"99":0,"100":0,"101":0,"102":0,"103":0,"104":0,"105":0,"106":0,"107":0,"108":1,"109":1,"110":2,"111":2,"112":2,"113":2,"114":2,"115":0,"116":0,"117":1,"118":0,"119":0,"120":0,"121":1},"f":{"0":13,"1":6,"2":10,"3":14,"4":15,"5":18,"6":11,"7":130,"8":32,"9":42,"10":0,"11":0,"12":1,"13":0,"14":0,"15":0},"b":{"0":[0],"1":[6,0],"2":[6,0,0],"3":[6,0],"4":[6,0],"5":[11,4],"6":[18,0],"7":[1,5],"8":[0,6],"9":[1,5],"10":[0,5],"11":[5,1],"12":[4,2],"13":[6,6],"14":[2,0],"15":[3,3],"16":[0,6],"17":[4,2],"18":[3,3],"19":[0,6],"20":[6,0],"21":[6,6],"22":[6,0,0],"23":[1,5],"24":[6,68],"25":[74,69,65],"26":[26,0],"27":[3,23],"28":[130,129],"29":[1,31],"30":[30,1],"31":[7,23],"32":[18,5],"33":[1,0],"34":[1,0],"35":[1,1],"36":[1,0],"37":[0,0],"38":[0,0],"39":[0,0],"40":[0,0],"41":[0,0],"42":[0,0],"43":[0,0],"44":[0,0],"45":[0,0],"46":[0,0],"47":[0,0],"48":[0,0],"49":[0,0],"50":[0,0],"51":[0,0],"52":[0,0],"53":[0],"54":[2,2,2],"55":[2,2],"56":[0,0,0],"57":[0,0]},"_coverageSchema":"1a1c01bbd47fc00a2c39e90264f33305004495a9","hash":"c6024117ed598f00537a79f9b8f81e8b495b78fd"}
,"/home/apop/DEV/sokogateOS/src/utils/logger.js": {"path":"/home/apop/DEV/sokogateOS/src/utils/logger.js","statementMap":{"0":{"start":{"line":1,"column":16},"end":{"line":1,"column":34}},"1":{"start":{"line":3,"column":15},"end":{"line":16,"column":2}},"2":{"start":{"line":8,"column":6},"end":{"line":8,"column":65}},"3":{"start":{"line":18,"column":0},"end":{"line":18,"column":24}}},"fnMap":{"0":{"name":"(anonymous_0)","decl":{"start":{"line":7,"column":26},"end":{"line":7,"column":27}},"loc":{"start":{"line":7,"column":61},"end":{"line":9,"column":5}},"line":7}},"branchMap":{"0":{"loc":{"start":{"line":4,"column":9},"end":{"line":4,"column":65}},"type":"cond-expr","locations":[{"start":{"line":4,"column":49},"end":{"line":4,"column":55}},{"start":{"line":4,"column":58},"end":{"line":4,"column":65}}],"line":4}},"s":{"0":13,"1":13,"2":177,"3":13},"f":{"0":177},"b":{"0":[0,13]},"_coverageSchema":"1a1c01bbd47fc00a2c39e90264f33305004495a9","hash":"2edc95bf263802232fd961e9d80b540defc1d744"}
}
