TN:
SF:src/config/kafka.js
FN:15,(anonymous_0)
FN:16,(anonymous_1)
FN:29,(anonymous_2)
FN:30,(anonymous_3)
FN:39,(anonymous_4)
FN:44,(anonymous_5)
FN:50,(anonymous_6)
FN:54,(anonymous_7)
FN:66,(anonymous_8)
FN:70,(anonymous_9)
FN:80,(anonymous_10)
FN:81,(anonymous_11)
FN:94,(anonymous_12)
FN:98,(anonymous_13)
FN:103,(anonymous_14)
FN:109,(anonymous_15)
FN:116,(anonymous_16)
FN:130,(anonymous_17)
FN:137,(anonymous_18)
FNF:19
FNH:0
FNDA:0,(anonymous_0)
FNDA:0,(anonymous_1)
FNDA:0,(anonymous_2)
FNDA:0,(anonymous_3)
FNDA:0,(anonymous_4)
FNDA:0,(anonymous_5)
FNDA:0,(anonymous_6)
FNDA:0,(anonymous_7)
FNDA:0,(anonymous_8)
FNDA:0,(anonymous_9)
FNDA:0,(anonymous_10)
FNDA:0,(anonymous_11)
FNDA:0,(anonymous_12)
FNDA:0,(anonymous_13)
FNDA:0,(anonymous_14)
FNDA:0,(anonymous_15)
FNDA:0,(anonymous_16)
FNDA:0,(anonymous_17)
FNDA:0,(anonymous_18)
DA:2,1
DA:3,1
DA:5,1
DA:7,1
DA:9,1
DA:15,1
DA:16,0
DA:18,0
DA:19,0
DA:20,0
DA:21,0
DA:23,0
DA:25,0
DA:26,0
DA:27,0
DA:28,0
DA:29,0
DA:30,0
DA:32,0
DA:34,0
DA:36,0
DA:37,0
DA:39,0
DA:40,0
DA:41,0
DA:44,0
DA:45,0
DA:47,0
DA:49,0
DA:51,0
DA:52,0
DA:55,0
DA:58,0
DA:61,0
DA:63,0
DA:65,0
DA:67,0
DA:68,0
DA:71,0
DA:74,0
DA:80,1
DA:81,0
DA:83,0
DA:84,0
DA:85,0
DA:86,0
DA:88,0
DA:90,0
DA:91,0
DA:93,0
DA:94,0
DA:98,0
DA:99,0
DA:103,0
DA:104,0
DA:106,0
DA:108,0
DA:111,0
DA:114,0
DA:117,0
DA:120,0
DA:123,0
DA:125,0
DA:127,0
DA:129,0
DA:132,0
DA:135,0
DA:138,0
DA:141,0
DA:146,1
LF:70
LH:8
BRDA:19,0,0,0
BRDA:19,0,1,0
BRDA:19,1,0,0
BRDA:19,1,1,0
BRDA:26,2,0,0
BRDA:26,2,1,0
BRDA:29,3,0,0
BRDA:29,3,1,0
BRDA:30,4,0,0
BRDA:30,4,1,0
BRDA:52,5,0,0
BRDA:52,5,1,0
BRDA:55,6,0,0
BRDA:55,6,1,0
BRDA:68,7,0,0
BRDA:68,7,1,0
BRDA:71,8,0,0
BRDA:71,8,1,0
BRDA:84,9,0,0
BRDA:84,9,1,0
BRDA:84,10,0,0
BRDA:84,10,1,0
BRDA:111,11,0,0
BRDA:111,11,1,0
BRDA:111,12,0,0
BRDA:111,12,1,0
BRDA:117,13,0,0
BRDA:117,13,1,0
BRDA:132,14,0,0
BRDA:132,14,1,0
BRDA:132,15,0,0
BRDA:132,15,1,0
BRDA:138,16,0,0
BRDA:138,16,1,0
BRF:34
BRH:0
end_of_record
TN:
SF:src/ingestion/adapters/flexportLogisticsAdapter.js
FN:11,generateMockInventoryChange
FN:25,generateMockOrderCreated
FN:40,startFlexportLogisticsAdapter
FN:50,(anonymous_3)
FN:59,(anonymous_4)
FN:79,(anonymous_5)
FN:88,(anonymous_6)
FN:112,(anonymous_7)
FN:121,(anonymous_8)
FN:133,shutdown
FN:135,(anonymous_10)
FNF:11
FNH:5
FNDA:2,generateMockInventoryChange
FNDA:1,generateMockOrderCreated
FNDA:3,startFlexportLogisticsAdapter
FNDA:2,(anonymous_3)
FNDA:0,(anonymous_4)
FNDA:1,(anonymous_5)
FNDA:0,(anonymous_6)
FNDA:0,(anonymous_7)
FNDA:0,(anonymous_8)
FNDA:0,shutdown
FNDA:0,(anonymous_10)
DA:4,1
DA:5,1
DA:7,1
DA:8,1
DA:12,2
DA:26,1
DA:41,3
DA:42,3
DA:45,3
DA:46,3
DA:47,3
DA:50,3
DA:51,2
DA:53,2
DA:54,2
DA:55,2
DA:57,2
DA:60,0
DA:61,0
DA:65,0
DA:70,0
DA:71,0
DA:74,0
DA:79,3
DA:80,1
DA:82,1
DA:83,1
DA:84,1
DA:86,1
DA:89,0
DA:90,0
DA:94,0
DA:99,0
DA:100,0
DA:103,0
DA:107,3
DA:109,0
DA:110,0
DA:112,0
DA:113,0
DA:114,0
DA:115,0
DA:117,0
DA:121,0
DA:122,0
DA:123,0
DA:124,0
DA:126,0
DA:134,0
DA:135,0
DA:136,0
DA:147,1
LF:52
LH:25
BRDA:53,0,0,2
BRDA:53,0,1,0
BRDA:53,1,0,2
BRDA:53,1,1,2
BRDA:60,2,0,0
BRDA:60,2,1,0
BRDA:82,3,0,1
BRDA:82,3,1,0
BRDA:82,4,0,1
BRDA:82,4,1,1
BRDA:89,5,0,0
BRDA:89,5,1,0
BRDA:134,6,0,0
BRDA:134,6,1,0
BRF:14
BRH:6
end_of_record
TN:
SF:src/ingestion/adapters/hubspotCrmAdapter.js
FN:11,generateMockHubSpotFeedback
FN:26,startHubspotCrmAdapter
FN:36,(anonymous_2)
FN:45,(anonymous_3)
FN:69,(anonymous_4)
FN:81,shutdown
FN:83,(anonymous_6)
FNF:7
FNH:3
FNDA:1,generateMockHubSpotFeedback
FNDA:2,startHubspotCrmAdapter
FNDA:1,(anonymous_2)
FNDA:0,(anonymous_3)
FNDA:0,(anonymous_4)
FNDA:0,shutdown
FNDA:0,(anonymous_6)
DA:4,1
DA:5,1
DA:7,1
DA:8,1
DA:12,1
DA:27,2
DA:28,2
DA:31,2
DA:32,2
DA:33,2
DA:36,2
DA:37,1
DA:39,1
DA:40,1
DA:41,1
DA:43,1
DA:46,0
DA:47,0
DA:51,0
DA:56,0
DA:57,0
DA:60,0
DA:64,2
DA:66,0
DA:67,0
DA:69,0
DA:70,0
DA:71,0
DA:72,0
DA:74,0
DA:82,0
DA:83,0
DA:84,0
DA:95,1
LF:34
LH:18
BRDA:39,0,0,1
BRDA:39,0,1,0
BRDA:39,1,0,1
BRDA:39,1,1,1
BRDA:46,2,0,0
BRDA:46,2,1,0
BRDA:82,3,0,0
BRDA:82,3,1,0
BRF:8
BRH:3
end_of_record
TN:
SF:src/ingestion/adapters/oracleProductAdapter.js
FN:11,generateMockOracleProductUpdate
FN:26,startOracleProductAdapter
FN:36,(anonymous_2)
FN:45,(anonymous_3)
FN:69,(anonymous_4)
FN:81,shutdown
FN:83,(anonymous_6)
FNF:7
FNH:3
FNDA:1,generateMockOracleProductUpdate
FNDA:2,startOracleProductAdapter
FNDA:1,(anonymous_2)
FNDA:0,(anonymous_3)
FNDA:0,(anonymous_4)
FNDA:0,shutdown
FNDA:0,(anonymous_6)
DA:4,1
DA:5,1
DA:7,1
DA:8,1
DA:12,1
DA:27,2
DA:28,2
DA:31,2
DA:32,2
DA:33,2
DA:36,2
DA:37,1
DA:39,1
DA:40,1
DA:41,1
DA:43,1
DA:46,0
DA:47,0
DA:51,0
DA:56,0
DA:57,0
DA:60,0
DA:64,2
DA:66,0
DA:67,0
DA:69,0
DA:70,0
DA:71,0
DA:72,0
DA:74,0
DA:82,0
DA:83,0
DA:84,0
DA:95,1
LF:34
LH:18
BRDA:39,0,0,1
BRDA:39,0,1,0
BRDA:39,1,0,1
BRDA:39,1,1,1
BRDA:46,2,0,0
BRDA:46,2,1,0
BRDA:82,3,0,0
BRDA:82,3,1,0
BRF:8
BRH:3
end_of_record
TN:
SF:src/ingestion/adapters/restApiAdapter.js
FN:11,generateMockProductCatalog
FN:32,generateMockCustomerProfile
FN:54,startRestApiAdapter
FN:64,(anonymous_3)
FN:73,(anonymous_4)
FN:93,(anonymous_5)
FN:102,(anonymous_6)
FN:126,(anonymous_7)
FN:135,(anonymous_8)
FN:147,shutdown
FN:149,(anonymous_10)
FNF:11
FNH:5
FNDA:2,generateMockProductCatalog
FNDA:1,generateMockCustomerProfile
FNDA:3,startRestApiAdapter
FNDA:2,(anonymous_3)
FNDA:0,(anonymous_4)
FNDA:1,(anonymous_5)
FNDA:0,(anonymous_6)
FNDA:0,(anonymous_7)
FNDA:0,(anonymous_8)
FNDA:0,shutdown
FNDA:0,(anonymous_10)
DA:4,1
DA:5,1
DA:7,1
DA:8,1
DA:12,2
DA:33,1
DA:55,3
DA:56,3
DA:59,3
DA:60,3
DA:61,3
DA:64,3
DA:65,2
DA:67,2
DA:68,2
DA:69,2
DA:71,2
DA:74,0
DA:75,0
DA:79,0
DA:84,0
DA:85,0
DA:88,0
DA:93,3
DA:94,1
DA:96,1
DA:97,1
DA:98,1
DA:100,1
DA:103,0
DA:104,0
DA:108,0
DA:113,0
DA:114,0
DA:117,0
DA:121,3
DA:123,0
DA:124,0
DA:126,0
DA:127,0
DA:128,0
DA:129,0
DA:131,0
DA:135,0
DA:136,0
DA:137,0
DA:138,0
DA:140,0
DA:148,0
DA:149,0
DA:150,0
DA:161,1
LF:52
LH:25
BRDA:67,0,0,2
BRDA:67,0,1,0
BRDA:67,1,0,2
BRDA:67,1,1,2
BRDA:74,2,0,0
BRDA:74,2,1,0
BRDA:96,3,0,1
BRDA:96,3,1,0
BRDA:96,4,0,1
BRDA:96,4,1,1
BRDA:103,5,0,0
BRDA:103,5,1,0
BRDA:148,6,0,0
BRDA:148,6,1,0
BRF:14
BRH:6
end_of_record
TN:
SF:src/ingestion/adapters/salesforceCrmAdapter.js
FN:11,generateMockCustomerFeedback
FN:25,startSalesforceCrmAdapter
FN:35,(anonymous_2)
FN:44,(anonymous_3)
FN:68,(anonymous_4)
FN:80,shutdown
FN:82,(anonymous_6)
FNF:7
FNH:3
FNDA:1,generateMockCustomerFeedback
FNDA:2,startSalesforceCrmAdapter
FNDA:1,(anonymous_2)
FNDA:0,(anonymous_3)
FNDA:0,(anonymous_4)
FNDA:0,shutdown
FNDA:0,(anonymous_6)
DA:4,1
DA:5,1
DA:7,1
DA:8,1
DA:12,1
DA:26,2
DA:27,2
DA:30,2
DA:31,2
DA:32,2
DA:35,2
DA:36,1
DA:38,1
DA:39,1
DA:40,1
DA:42,1
DA:45,0
DA:46,0
DA:50,0
DA:55,0
DA:56,0
DA:59,0
DA:63,2
DA:65,0
DA:66,0
DA:68,0
DA:69,0
DA:70,0
DA:71,0
DA:73,0
DA:81,0
DA:82,0
DA:83,0
DA:94,1
LF:34
LH:18
BRDA:38,0,0,1
BRDA:38,0,1,0
BRDA:38,1,0,1
BRDA:38,1,1,1
BRDA:45,2,0,0
BRDA:45,2,1,0
BRDA:81,3,0,0
BRDA:81,3,1,0
BRF:8
BRH:3
end_of_record
TN:
SF:src/ingestion/adapters/sapProductAdapter.js
FN:11,generateMockProductUpdate
FN:26,startSapProductAdapter
FN:36,(anonymous_2)
FN:45,(anonymous_3)
FN:69,(anonymous_4)
FN:81,shutdown
FN:83,(anonymous_6)
FNF:7
FNH:3
FNDA:1,generateMockProductUpdate
FNDA:2,startSapProductAdapter
FNDA:1,(anonymous_2)
FNDA:0,(anonymous_3)
FNDA:0,(anonymous_4)
FNDA:0,shutdown
FNDA:0,(anonymous_6)
DA:4,1
DA:5,1
DA:7,1
DA:8,1
DA:12,1
DA:27,2
DA:28,2
DA:31,2
DA:32,2
DA:33,2
DA:36,2
DA:37,1
DA:39,1
DA:40,1
DA:41,1
DA:43,1
DA:46,0
DA:47,0
DA:51,0
DA:56,0
DA:57,0
DA:60,0
DA:64,2
DA:66,0
DA:67,0
DA:69,0
DA:70,0
DA:71,0
DA:72,0
DA:74,0
DA:82,0
DA:83,0
DA:84,0
DA:95,1
LF:34
LH:18
BRDA:39,0,0,1
BRDA:39,0,1,0
BRDA:39,1,0,1
BRDA:39,1,1,1
BRDA:46,2,0,0
BRDA:46,2,1,0
BRDA:82,3,0,0
BRDA:82,3,1,0
BRF:8
BRH:3
end_of_record
TN:
SF:src/ingestion/adapters/shipbobLogisticsAdapter.js
FN:11,generateMockInventoryChange
FN:25,generateMockOrderCreated
FN:40,startShipBobLogisticsAdapter
FN:50,(anonymous_3)
FN:59,(anonymous_4)
FN:79,(anonymous_5)
FN:88,(anonymous_6)
FN:112,(anonymous_7)
FN:121,(anonymous_8)
FN:133,shutdown
FN:135,(anonymous_10)
FNF:11
FNH:5
FNDA:2,generateMockInventoryChange
FNDA:1,generateMockOrderCreated
FNDA:3,startShipBobLogisticsAdapter
FNDA:2,(anonymous_3)
FNDA:0,(anonymous_4)
FNDA:1,(anonymous_5)
FNDA:0,(anonymous_6)
FNDA:0,(anonymous_7)
FNDA:0,(anonymous_8)
FNDA:0,shutdown
FNDA:0,(anonymous_10)
DA:4,1
DA:5,1
DA:7,1
DA:8,1
DA:12,2
DA:26,1
DA:41,3
DA:42,3
DA:45,3
DA:46,3
DA:47,3
DA:50,3
DA:51,2
DA:53,2
DA:54,2
DA:55,2
DA:57,2
DA:60,0
DA:61,0
DA:65,0
DA:70,0
DA:71,0
DA:74,0
DA:79,3
DA:80,1
DA:82,1
DA:83,1
DA:84,1
DA:86,1
DA:89,0
DA:90,0
DA:94,0
DA:99,0
DA:100,0
DA:103,0
DA:107,3
DA:109,0
DA:110,0
DA:112,0
DA:113,0
DA:114,0
DA:115,0
DA:117,0
DA:121,0
DA:122,0
DA:123,0
DA:124,0
DA:126,0
DA:134,0
DA:135,0
DA:136,0
DA:147,1
LF:52
LH:25
BRDA:53,0,0,2
BRDA:53,0,1,0
BRDA:53,1,0,2
BRDA:53,1,1,2
BRDA:60,2,0,0
BRDA:60,2,1,0
BRDA:82,3,0,1
BRDA:82,3,1,0
BRDA:82,4,0,1
BRDA:82,4,1,1
BRDA:89,5,0,0
BRDA:89,5,1,0
BRDA:134,6,0,0
BRDA:134,6,1,0
BRF:14
BRH:6
end_of_record
TN:
SF:src/ingestion/processors/documentProcessingPipeline.js
FN:21,processDocument
FN:27,(anonymous_1)
FN:56,getRandomExtension
FN:62,startDocumentProcessingPipeline
FN:71,(anonymous_4)
FN:92,(anonymous_5)
FN:112,shutdown
FN:114,(anonymous_7)
FNF:8
FNH:5
FNDA:1,processDocument
FNDA:3041,(anonymous_1)
FNDA:1,getRandomExtension
FNDA:2,startDocumentProcessingPipeline
FNDA:1,(anonymous_4)
FNDA:0,(anonymous_5)
FNDA:0,shutdown
FNDA:0,(anonymous_7)
DA:4,2
DA:5,2
DA:7,2
DA:10,2
DA:23,1
DA:26,1
DA:27,1
DA:28,3041
DA:32,1
DA:43,1
DA:57,1
DA:58,1
DA:63,2
DA:64,2
DA:67,2
DA:68,2
DA:71,2
DA:72,1
DA:74,1
DA:86,1
DA:87,1
DA:90,1
DA:93,0
DA:94,0
DA:96,0
DA:100,0
DA:104,2
DA:106,0
DA:107,0
DA:113,0
DA:114,0
DA:115,0
DA:116,0
DA:119,0
DA:123,2
DA:124,2
DA:126,2
LF:37
LH:26
BRDA:44,0,0,1
BRDA:44,0,1,1
BRDA:45,1,0,1
BRDA:45,1,1,0
BRDA:46,2,0,1
BRDA:46,2,1,1
BRDA:93,3,0,0
BRDA:93,3,1,0
BRDA:113,4,0,0
BRDA:113,4,1,0
BRF:10
BRH:5
end_of_record
TN:
SF:src/models/feedback.js
FN:144,(anonymous_0)
FN:149,(anonymous_1)
FN:156,(anonymous_2)
FN:201,(anonymous_3)
FN:213,(anonymous_4)
FNF:5
FNH:0
FNDA:0,(anonymous_0)
FNDA:0,(anonymous_1)
FNDA:0,(anonymous_2)
FNDA:0,(anonymous_3)
FNDA:0,(anonymous_4)
DA:1,1
DA:2,1
DA:6,1
DA:135,1
DA:136,1
DA:137,1
DA:138,1
DA:139,1
DA:140,1
DA:141,1
DA:144,1
DA:145,0
DA:149,1
DA:150,0
DA:151,0
DA:152,0
DA:156,1
DA:157,0
DA:158,0
DA:159,0
DA:160,0
DA:161,0
DA:163,0
DA:165,0
DA:197,0
DA:201,1
DA:202,0
DA:213,1
DA:214,0
DA:237,0
DA:240,1
LF:31
LH:16
BRDA:156,0,0,0
BRDA:158,1,0,0
BRDA:158,1,1,0
BRDA:159,2,0,0
BRDA:159,2,1,0
BRDA:160,3,0,0
BRDA:160,3,1,0
BRDA:163,4,0,0
BRDA:163,4,1,0
BRDA:197,5,0,0
BRDA:197,5,1,0
BRDA:204,6,0,0
BRDA:204,6,1,0
BRDA:237,7,0,0
BRDA:237,7,1,0
BRF:15
BRH:0
end_of_record
TN:
SF:src/models/sourcing.js
FN:282,(anonymous_0)
FN:290,(anonymous_1)
FN:300,(anonymous_2)
FN:307,(anonymous_3)
FNF:4
FNH:0
FNDA:0,(anonymous_0)
FNDA:0,(anonymous_1)
FNDA:0,(anonymous_2)
FNDA:0,(anonymous_3)
DA:1,1
DA:2,1
DA:6,1
DA:269,1
DA:270,1
DA:271,1
DA:272,1
DA:273,1
DA:274,1
DA:275,1
DA:276,1
DA:277,1
DA:278,1
DA:279,1
DA:282,1
DA:283,0
DA:284,0
DA:286,0
DA:290,1
DA:298,0
DA:299,0
DA:300,0
DA:301,0
DA:303,0
DA:307,1
DA:308,0
DA:309,0
DA:310,0
DA:312,0
DA:313,0
DA:314,0
DA:317,0
DA:340,0
DA:343,1
LF:34
LH:18
BRDA:283,0,0,0
BRDA:283,0,1,0
BRDA:283,1,0,0
BRDA:283,1,1,0
BRDA:298,2,0,0
BRDA:298,2,1,0
BRDA:299,3,0,0
BRDA:299,3,1,0
BRDA:300,4,0,0
BRDA:300,4,1,0
BRDA:301,5,0,0
BRDA:301,5,1,0
BRDA:307,6,0,0
BRDA:309,7,0,0
BRDA:309,7,1,0
BRDA:312,8,0,0
BRDA:312,8,1,0
BRDA:313,9,0,0
BRDA:313,9,1,0
BRDA:340,10,0,0
BRDA:340,10,1,0
BRF:21
BRH:0
end_of_record
TN:
SF:src/models/logistics/logistics.js
FN:334,(anonymous_0)
FN:342,(anonymous_1)
FN:350,(anonymous_2)
FN:366,(anonymous_3)
FN:374,(anonymous_4)
FN:385,(anonymous_5)
FNF:6
FNH:0
FNDA:0,(anonymous_0)
FNDA:0,(anonymous_1)
FNDA:0,(anonymous_2)
FNDA:0,(anonymous_3)
FNDA:0,(anonymous_4)
FNDA:0,(anonymous_5)
DA:1,1
DA:2,1
DA:5,1
DA:322,1
DA:323,1
DA:324,1
DA:325,1
DA:326,1
DA:327,1
DA:328,1
DA:329,1
DA:330,1
DA:331,1
DA:334,1
DA:335,0
DA:336,0
DA:338,0
DA:342,1
DA:343,0
DA:344,0
DA:346,0
DA:350,1
DA:352,0
DA:366,0
DA:367,0
DA:371,0
DA:374,0
DA:375,0
DA:379,0
DA:381,0
DA:385,1
DA:386,0
DA:387,0
DA:388,0
DA:390,0
DA:391,0
DA:392,0
DA:395,0
DA:422,0
DA:425,1
LF:40
LH:18
BRDA:335,0,0,0
BRDA:335,0,1,0
BRDA:335,1,0,0
BRDA:335,1,1,0
BRDA:343,2,0,0
BRDA:343,2,1,0
BRDA:343,3,0,0
BRDA:343,3,1,0
BRDA:352,4,0,0
BRDA:352,4,1,0
BRDA:367,5,0,0
BRDA:367,5,1,0
BRDA:375,6,0,0
BRDA:375,6,1,0
BRDA:385,7,0,0
BRDA:387,8,0,0
BRDA:387,8,1,0
BRDA:390,9,0,0
BRDA:390,9,1,0
BRDA:391,10,0,0
BRDA:391,10,1,0
BRDA:422,11,0,0
BRDA:422,11,1,0
BRF:23
BRH:0
end_of_record
TN:
SF:src/services/aiIntelligenceService.js
FN:17,startAiIntelligenceService
FN:43,setupMessageHandlers
FN:44,(anonymous_2)
FN:91,handleProductUpdate
FN:109,handleSourcingCompleted
FN:122,handleCustomizationCompleted
FN:134,handleShipmentEvent
FN:144,handleOrderCreated
FN:150,handleInventoryChange
FN:165,handleSupplierRiskUpdate
FN:177,handleCustomerFeedback
FN:194,handleCustomerProfileUpdate
FN:206,handleDocumentProcessed
FN:212,extractProductFeatures
FN:222,analyzeSentiment
FN:229,(anonymous_15)
FN:230,(anonymous_16)
FN:238,extractKeyTopics
FN:241,(anonymous_18)
FN:245,analyzePattern
FN:255,analyzeTurnover
FN:269,analyzeTrend
FN:270,(anonymous_22)
FN:274,(anonymous_23)
FN:284,detectAnomalies
FN:299,extractKnowledge
FN:309,extractEntities
FN:325,extractCategories
FN:335,(anonymous_28)
FN:344,updateModel
FN:355,generateInsight
FN:378,getRecentInsights
FN:380,(anonymous_32)
FN:381,(anonymous_33)
FN:385,getModelStats
FN:393,(anonymous_35)
FN:398,loadFeedbackForTraining
FN:434,startLearningCycles
FN:436,(anonymous_38)
FN:443,(anonymous_39)
FN:456,(anonymous_40)
FN:467,shutdown
FN:468,(anonymous_42)
FNF:43
FNH:13
FNDA:4,startAiIntelligenceService
FNDA:4,setupMessageHandlers
FNDA:2,(anonymous_2)
FNDA:1,handleProductUpdate
FNDA:0,handleSourcingCompleted
FNDA:0,handleCustomizationCompleted
FNDA:0,handleShipmentEvent
FNDA:1,handleOrderCreated
FNDA:0,handleInventoryChange
FNDA:0,handleSupplierRiskUpdate
FNDA:0,handleCustomerFeedback
FNDA:0,handleCustomerProfileUpdate
FNDA:0,handleDocumentProcessed
FNDA:1,extractProductFeatures
FNDA:0,analyzeSentiment
FNDA:0,(anonymous_15)
FNDA:0,(anonymous_16)
FNDA:0,extractKeyTopics
FNDA:0,(anonymous_18)
FNDA:1,analyzePattern
FNDA:0,analyzeTurnover
FNDA:1,analyzeTrend
FNDA:0,(anonymous_22)
FNDA:0,(anonymous_23)
FNDA:1,detectAnomalies
FNDA:0,extractKnowledge
FNDA:0,extractEntities
FNDA:0,extractCategories
FNDA:0,(anonymous_28)
FNDA:2,updateModel
FNDA:1,generateInsight
FNDA:0,getRecentInsights
FNDA:0,(anonymous_32)
FNDA:0,(anonymous_33)
FNDA:0,getModelStats
FNDA:0,(anonymous_35)
FNDA:4,loadFeedbackForTraining
FNDA:4,startLearningCycles
FNDA:0,(anonymous_38)
FNDA:0,(anonymous_39)
FNDA:0,(anonymous_40)
FNDA:0,shutdown
FNDA:0,(anonymous_42)
DA:4,1
DA:5,1
DA:6,1
DA:7,1
DA:10,1
DA:11,1
DA:12,1
DA:13,1
DA:14,1
DA:18,4
DA:19,4
DA:21,4
DA:28,4
DA:29,4
DA:30,4
DA:33,4
DA:35,4
DA:37,0
DA:38,0
DA:44,4
DA:45,2
DA:46,2
DA:47,2
DA:49,2
DA:52,1
DA:53,1
DA:55,1
DA:56,1
DA:58,0
DA:59,0
DA:61,0
DA:62,0
DA:64,0
DA:65,0
DA:67,0
DA:68,0
DA:70,0
DA:71,0
DA:73,0
DA:74,0
DA:76,0
DA:77,0
DA:79,0
DA:80,0
DA:82,0
DA:85,0
DA:92,1
DA:93,1
DA:94,1
DA:95,1
DA:110,0
DA:123,0
DA:135,0
DA:145,1
DA:146,1
DA:151,0
DA:152,0
DA:153,0
DA:161,0
DA:166,0
DA:167,0
DA:178,0
DA:179,0
DA:180,0
DA:195,0
DA:196,0
DA:207,0
DA:208,0
DA:213,1
DA:223,0
DA:224,0
DA:226,0
DA:227,0
DA:229,0
DA:230,0
DA:232,0
DA:233,0
DA:234,0
DA:239,0
DA:240,0
DA:241,0
DA:246,1
DA:249,1
DA:250,0
DA:256,0
DA:258,0
DA:259,0
DA:260,0
DA:270,1
DA:271,1
DA:273,0
DA:274,0
DA:276,0
DA:277,0
DA:278,0
DA:279,0
DA:280,0
DA:285,1
DA:286,1
DA:287,0
DA:300,0
DA:301,0
DA:310,0
DA:311,0
DA:312,0
DA:315,0
DA:316,0
DA:318,0
DA:319,0
DA:322,0
DA:326,0
DA:327,0
DA:334,0
DA:335,0
DA:336,0
DA:340,0
DA:345,2
DA:346,2
DA:356,1
DA:358,1
DA:360,1
DA:367,1
DA:368,1
DA:371,1
DA:372,0
DA:373,0
DA:379,0
DA:380,0
DA:381,0
DA:386,0
DA:393,0
DA:399,4
DA:400,4
DA:404,4
DA:405,0
DA:406,0
DA:407,0
DA:408,0
DA:412,0
DA:413,0
DA:414,0
DA:422,0
DA:425,4
DA:426,0
DA:429,0
DA:436,4
DA:437,0
DA:438,0
DA:439,0
DA:443,4
DA:444,0
DA:456,4
DA:457,0
DA:458,0
DA:459,0
DA:460,0
DA:468,0
DA:471,1
DA:472,1
DA:474,1
LF:160
LH:57
BRDA:49,0,0,1
BRDA:49,0,1,1
BRDA:49,0,2,1
BRDA:49,0,3,0
BRDA:49,0,4,0
BRDA:49,0,5,0
BRDA:49,0,6,0
BRDA:49,0,7,0
BRDA:49,0,8,0
BRDA:49,0,9,0
BRDA:49,0,10,0
BRDA:49,0,11,0
BRDA:100,1,0,0
BRDA:100,1,1,1
BRDA:102,2,0,1
BRDA:102,2,1,0
BRDA:115,3,0,0
BRDA:115,3,1,0
BRDA:127,4,0,0
BRDA:127,4,1,0
BRDA:152,5,0,0
BRDA:152,5,1,0
BRDA:152,6,0,0
BRDA:152,6,1,0
BRDA:156,7,0,0
BRDA:156,7,1,0
BRDA:169,8,0,0
BRDA:169,8,1,0
BRDA:170,9,0,0
BRDA:170,9,1,0
BRDA:170,10,0,0
BRDA:170,10,1,0
BRDA:178,11,0,0
BRDA:178,11,1,0
BRDA:179,12,0,0
BRDA:179,12,1,0
BRDA:183,13,0,0
BRDA:183,13,1,0
BRDA:184,14,0,0
BRDA:184,14,1,0
BRDA:185,15,0,0
BRDA:185,15,1,0
BRDA:187,16,0,0
BRDA:187,16,1,0
BRDA:199,17,0,0
BRDA:199,17,1,0
BRDA:199,18,0,0
BRDA:199,18,1,0
BRDA:214,19,0,1
BRDA:214,19,1,0
BRDA:215,20,0,1
BRDA:215,20,1,0
BRDA:216,21,0,1
BRDA:216,21,1,0
BRDA:217,22,0,1
BRDA:217,22,1,0
BRDA:223,23,0,0
BRDA:223,23,1,0
BRDA:232,24,0,0
BRDA:232,24,1,0
BRDA:233,25,0,0
BRDA:233,25,1,0
BRDA:239,26,0,0
BRDA:239,26,1,0
BRDA:249,27,0,0
BRDA:249,27,1,1
BRDA:256,28,0,0
BRDA:256,28,1,0
BRDA:256,29,0,0
BRDA:256,29,1,0
BRDA:258,30,0,0
BRDA:258,30,1,0
BRDA:259,31,0,0
BRDA:259,31,1,0
BRDA:270,32,0,0
BRDA:270,32,1,0
BRDA:271,33,0,1
BRDA:271,33,1,0
BRDA:274,34,0,0
BRDA:274,34,1,0
BRDA:274,34,2,0
BRDA:276,35,0,0
BRDA:276,35,1,0
BRDA:278,36,0,0
BRDA:278,36,1,0
BRDA:279,37,0,0
BRDA:279,37,1,0
BRDA:285,38,0,1
BRDA:285,38,1,0
BRDA:285,39,0,1
BRDA:285,39,1,1
BRDA:286,40,0,0
BRDA:286,40,1,1
BRDA:300,41,0,0
BRDA:300,41,1,0
BRDA:335,42,0,0
BRDA:335,42,1,0
BRDA:350,43,0,2
BRDA:350,43,1,2
BRDA:356,44,0,1
BRDA:356,44,1,0
BRDA:356,44,2,0
BRDA:356,44,3,0
BRDA:358,45,0,0
BRDA:358,45,1,1
BRDA:371,46,0,0
BRDA:371,46,1,1
BRDA:378,47,0,0
BRDA:378,48,0,0
BRDA:380,49,0,0
BRDA:380,49,1,0
BRDA:390,50,0,0
BRDA:390,50,1,0
BRDA:405,51,0,0
BRDA:405,51,1,0
BRDA:407,52,0,0
BRDA:407,52,1,0
BRDA:408,53,0,0
BRDA:408,53,1,0
BRDA:412,54,0,0
BRDA:412,54,1,0
BRDA:425,55,0,0
BRDA:425,55,1,4
BRDA:448,56,0,0
BRDA:448,56,1,0
BRDA:459,57,0,0
BRDA:459,57,1,0
BRDA:468,58,0,0
BRDA:468,58,1,0
BRF:129
BRH:21
end_of_record
TN:
SF:src/services/customizationService.js
FN:40,startCustomizationService
FN:59,(anonymous_1)
FN:103,calculatePricing
FN:117,(anonymous_3)
FN:199,generateTimeline
FN:231,handleCustomizationRequested
FN:276,(anonymous_6)
FN:297,(anonymous_7)
FN:307,(anonymous_8)
FN:323,handleDesignApproved
FN:350,handleSpecificationUpdated
FN:372,handleMaterialSelected
FN:384,(anonymous_12)
FN:404,handlePricingUpdated
FN:419,(anonymous_14)
FN:438,handleProductionReady
FN:461,(anonymous_16)
FN:470,(anonymous_17)
FN:484,startPeriodicTasks
FN:485,(anonymous_19)
FN:514,shutdownCustomizationService
FN:519,(anonymous_21)
FN:525,(anonymous_22)
FNF:23
FNH:11
FNDA:8,startCustomizationService
FNDA:6,(anonymous_1)
FNDA:1,calculatePricing
FNDA:0,(anonymous_3)
FNDA:1,generateTimeline
FNDA:1,handleCustomizationRequested
FNDA:0,(anonymous_6)
FNDA:0,(anonymous_7)
FNDA:0,(anonymous_8)
FNDA:1,handleDesignApproved
FNDA:1,handleSpecificationUpdated
FNDA:1,handleMaterialSelected
FNDA:0,(anonymous_12)
FNDA:1,handlePricingUpdated
FNDA:0,(anonymous_14)
FNDA:1,handleProductionReady
FNDA:0,(anonymous_16)
FNDA:0,(anonymous_17)
FNDA:8,startPeriodicTasks
FNDA:0,(anonymous_19)
FNDA:0,shutdownCustomizationService
FNDA:0,(anonymous_21)
FNDA:0,(anonymous_22)
DA:4,1
DA:5,1
DA:6,1
DA:9,1
DA:10,1
DA:11,1
DA:14,1
DA:24,1
DA:41,8
DA:42,8
DA:45,8
DA:46,8
DA:49,8
DA:59,8
DA:60,6
DA:61,6
DA:62,6
DA:64,6
DA:66,1
DA:67,1
DA:69,1
DA:70,1
DA:72,1
DA:73,1
DA:75,1
DA:76,1
DA:78,1
DA:79,1
DA:81,1
DA:82,1
DA:84,0
DA:87,0
DA:91,8
DA:94,8
DA:97,0
DA:98,0
DA:104,1
DA:105,1
DA:108,1
DA:109,1
DA:110,1
DA:112,1
DA:113,1
DA:114,1
DA:117,1
DA:118,0
DA:119,0
DA:122,1
DA:123,1
DA:124,1
DA:125,1
DA:127,1
DA:128,1
DA:129,1
DA:132,1
DA:133,1
DA:134,1
DA:135,1
DA:137,1
DA:200,1
DA:201,1
DA:202,1
DA:203,1
DA:204,1
DA:206,1
DA:232,1
DA:233,1
DA:235,1
DA:236,1
DA:239,1
DA:248,1
DA:251,1
DA:276,0
DA:292,0
DA:293,0
DA:296,0
DA:297,0
DA:298,0
DA:308,0
DA:309,0
DA:312,0
DA:315,0
DA:318,1
DA:324,1
DA:325,1
DA:327,1
DA:328,0
DA:329,0
DA:330,0
DA:333,0
DA:334,0
DA:335,0
DA:336,0
DA:337,0
DA:338,0
DA:339,0
DA:340,0
DA:342,0
DA:343,0
DA:345,1
DA:351,1
DA:352,1
DA:354,1
DA:355,0
DA:356,0
DA:357,0
DA:360,0
DA:361,0
DA:362,0
DA:364,0
DA:365,0
DA:367,1
DA:373,1
DA:374,1
DA:376,1
DA:377,0
DA:378,0
DA:379,0
DA:383,0
DA:384,0
DA:390,0
DA:391,0
DA:392,0
DA:393,0
DA:394,0
DA:396,0
DA:397,0
DA:399,1
DA:405,1
DA:406,1
DA:408,1
DA:409,0
DA:410,0
DA:411,0
DA:415,0
DA:419,0
DA:423,0
DA:424,0
DA:425,0
DA:426,0
DA:427,0
DA:428,0
DA:430,0
DA:431,0
DA:433,1
DA:439,1
DA:440,1
DA:442,1
DA:443,0
DA:444,0
DA:445,0
DA:448,0
DA:449,0
DA:450,0
DA:451,0
DA:452,0
DA:453,0
DA:454,0
DA:455,0
DA:457,0
DA:460,0
DA:461,0
DA:462,0
DA:471,0
DA:472,0
DA:477,0
DA:479,1
DA:485,8
DA:486,0
DA:487,0
DA:490,0
DA:491,0
DA:492,0
DA:497,0
DA:504,0
DA:505,0
DA:508,0
DA:515,0
DA:516,0
DA:518,0
DA:519,0
DA:520,0
DA:524,0
DA:525,0
DA:526,0
DA:530,0
DA:531,0
DA:533,0
DA:537,1
LF:189
LH:89
BRDA:64,0,0,1
BRDA:64,0,1,1
BRDA:64,0,2,1
BRDA:64,0,3,1
BRDA:64,0,4,1
BRDA:64,0,5,1
BRDA:64,0,6,0
BRDA:104,1,0,1
BRDA:104,1,1,1
BRDA:105,2,0,0
BRDA:105,2,1,1
BRDA:106,3,0,0
BRDA:106,3,1,1
BRDA:107,4,0,0
BRDA:107,4,1,1
BRDA:108,5,0,1
BRDA:108,5,1,0
BRDA:109,6,0,0
BRDA:109,6,1,1
BRDA:109,7,0,0
BRDA:109,7,1,1
BRDA:109,8,0,0
BRDA:109,8,1,1
BRDA:110,9,0,0
BRDA:110,9,1,1
BRDA:110,10,0,0
BRDA:110,10,1,1
BRDA:112,11,0,0
BRDA:112,11,1,1
BRDA:112,12,0,0
BRDA:112,12,1,1
BRDA:113,13,0,0
BRDA:113,13,1,1
BRDA:113,14,0,0
BRDA:113,14,1,1
BRDA:114,15,0,0
BRDA:114,15,1,1
BRDA:114,16,0,0
BRDA:114,16,1,1
BRDA:117,17,0,1
BRDA:117,17,1,1
BRDA:117,17,2,1
BRDA:117,18,0,1
BRDA:117,18,1,1
BRDA:118,19,0,0
BRDA:118,19,1,0
BRDA:119,20,0,0
BRDA:119,20,1,0
BRDA:132,21,0,0
BRDA:132,21,1,1
BRDA:132,22,0,0
BRDA:132,22,1,1
BRDA:200,23,0,0
BRDA:200,23,1,1
BRDA:200,24,0,0
BRDA:200,24,1,1
BRDA:201,25,0,0
BRDA:201,25,1,1
BRDA:201,26,0,0
BRDA:201,26,1,1
BRDA:202,27,0,0
BRDA:202,27,1,1
BRDA:202,28,0,0
BRDA:202,28,1,1
BRDA:226,29,0,1
BRDA:226,29,1,0
BRDA:235,30,0,1
BRDA:235,30,1,0
BRDA:236,31,0,1
BRDA:236,31,1,1
BRDA:256,32,0,1
BRDA:256,32,1,0
BRDA:272,33,0,1
BRDA:272,33,1,1
BRDA:274,34,0,0
BRDA:274,34,1,1
BRDA:276,35,0,1
BRDA:276,35,1,1
BRDA:277,36,0,0
BRDA:277,36,1,0
BRDA:296,37,0,0
BRDA:296,37,1,0
BRDA:308,38,0,0
BRDA:308,38,1,0
BRDA:328,39,0,0
BRDA:328,39,1,0
BRDA:355,40,0,0
BRDA:355,40,1,0
BRDA:377,41,0,0
BRDA:377,41,1,0
BRDA:383,42,0,0
BRDA:383,42,1,0
BRDA:409,43,0,0
BRDA:409,43,1,0
BRDA:418,44,0,0
BRDA:418,44,1,0
BRDA:420,45,0,0
BRDA:420,45,1,0
BRDA:443,46,0,0
BRDA:443,46,1,0
BRDA:460,47,0,0
BRDA:460,47,1,0
BRDA:471,48,0,0
BRDA:471,48,1,0
BRDA:491,49,0,0
BRDA:491,49,1,0
BRDA:504,50,0,0
BRDA:504,50,1,0
BRDA:518,51,0,0
BRDA:518,51,1,0
BRDA:524,52,0,0
BRDA:524,52,1,0
BRF:112
BRH:46
end_of_record
TN:
SF:src/services/logisticsService.js
FN:51,startLogisticsService
FN:66,(anonymous_1)
FN:105,findOptimalRoute
FN:106,(anonymous_3)
FN:107,(anonymous_4)
FN:110,(anonymous_5)
FN:117,(anonymous_6)
FN:120,(anonymous_7)
FN:137,generateSyntheticRoute
FN:147,generateRouteOptions
FN:182,(anonymous_10)
FN:186,calculateETA
FN:194,(anonymous_12)
FN:225,handleOrderCreated
FN:305,(anonymous_14)
FN:316,(anonymous_15)
FN:332,simulateStatusProgression
FN:341,(anonymous_17)
FN:376,handleInventoryChanged
FN:414,handleSupplierRiskUpdated
FN:441,handleCustomerFeedbackReceived
FN:463,handleDocumentProcessed
FN:501,(anonymous_22)
FN:517,startPeriodicTasks
FN:518,(anonymous_24)
FN:543,shutdownLogisticsService
FN:547,(anonymous_26)
FN:548,(anonymous_27)
FNF:28
FNH:15
FNDA:3,startLogisticsService
FNDA:0,(anonymous_1)
FNDA:2,findOptimalRoute
FNDA:16,(anonymous_3)
FNDA:2,(anonymous_4)
FNDA:32,(anonymous_5)
FNDA:0,(anonymous_6)
FNDA:0,(anonymous_7)
FNDA:0,generateSyntheticRoute
FNDA:2,generateRouteOptions
FNDA:2,(anonymous_10)
FNDA:2,calculateETA
FNDA:0,(anonymous_12)
FNDA:2,handleOrderCreated
FNDA:1,(anonymous_14)
FNDA:1,(anonymous_15)
FNDA:1,simulateStatusProgression
FNDA:0,(anonymous_17)
FNDA:2,handleInventoryChanged
FNDA:0,handleSupplierRiskUpdated
FNDA:0,handleCustomerFeedbackReceived
FNDA:0,handleDocumentProcessed
FNDA:0,(anonymous_22)
FNDA:4,startPeriodicTasks
FNDA:0,(anonymous_24)
FNDA:1,shutdownLogisticsService
FNDA:0,(anonymous_26)
FNDA:0,(anonymous_27)
DA:4,1
DA:5,1
DA:6,1
DA:9,1
DA:10,1
DA:11,1
DA:14,1
DA:31,1
DA:52,3
DA:53,3
DA:55,3
DA:56,3
DA:58,3
DA:66,3
DA:67,0
DA:68,0
DA:69,0
DA:71,0
DA:73,0
DA:74,0
DA:76,0
DA:77,0
DA:79,0
DA:80,0
DA:82,0
DA:83,0
DA:85,0
DA:86,0
DA:88,0
DA:91,0
DA:95,3
DA:96,3
DA:99,0
DA:100,0
DA:106,16
DA:107,2
DA:110,2
DA:111,32
DA:116,2
DA:118,0
DA:120,0
DA:129,2
DA:131,0
DA:134,2
DA:138,0
DA:144,0
DA:148,2
DA:150,2
DA:151,2
DA:152,2
DA:153,2
DA:154,2
DA:157,2
DA:158,0
DA:171,2
DA:172,4
DA:173,4
DA:174,4
DA:175,4
DA:176,4
DA:178,4
DA:182,2
DA:187,2
DA:188,2
DA:190,2
DA:191,0
DA:194,2
DA:196,2
DA:198,2
DA:199,2
DA:201,0
DA:202,0
DA:204,0
DA:205,0
DA:207,0
DA:208,0
DA:210,0
DA:211,0
DA:213,0
DA:214,0
DA:216,0
DA:217,0
DA:219,0
DA:220,0
DA:226,2
DA:227,2
DA:229,2
DA:230,2
DA:231,2
DA:234,2
DA:235,2
DA:238,2
DA:239,2
DA:242,2
DA:291,2
DA:292,2
DA:299,2
DA:300,1
DA:301,1
DA:304,1
DA:305,1
DA:306,1
DA:317,1
DA:318,1
DA:324,1
DA:327,1
DA:333,1
DA:340,1
DA:341,4
DA:342,0
DA:343,0
DA:344,0
DA:346,0
DA:347,0
DA:350,0
DA:351,0
DA:352,0
DA:355,0
DA:364,0
DA:366,0
DA:367,0
DA:369,0
DA:377,2
DA:378,2
DA:380,1
DA:381,1
DA:382,0
DA:383,0
DA:384,0
DA:385,0
DA:386,0
DA:392,0
DA:394,0
DA:396,0
DA:404,0
DA:409,1
DA:415,0
DA:416,0
DA:418,0
DA:419,0
DA:420,0
DA:432,0
DA:436,0
DA:442,0
DA:443,0
DA:445,0
DA:446,0
DA:447,0
DA:454,0
DA:458,0
DA:464,0
DA:465,0
DA:467,0
DA:469,0
DA:471,0
DA:473,0
DA:482,0
DA:483,0
DA:484,0
DA:485,0
DA:486,0
DA:487,0
DA:488,0
DA:489,0
DA:490,0
DA:493,0
DA:494,0
DA:504,0
DA:507,0
DA:508,0
DA:512,0
DA:518,4
DA:519,0
DA:521,0
DA:522,0
DA:523,0
DA:524,0
DA:525,0
DA:530,0
DA:531,0
DA:532,0
DA:533,0
DA:537,0
DA:544,1
DA:545,1
DA:547,1
DA:548,1
DA:549,1
DA:550,1
DA:552,0
DA:556,1
LF:191
LH:83
BRDA:71,0,0,0
BRDA:71,0,1,0
BRDA:71,0,2,0
BRDA:71,0,3,0
BRDA:71,0,4,0
BRDA:71,0,5,0
BRDA:105,1,0,0
BRDA:106,2,0,2
BRDA:106,2,1,0
BRDA:107,3,0,2
BRDA:107,3,1,0
BRDA:111,4,0,32
BRDA:111,4,1,4
BRDA:116,5,0,2
BRDA:116,5,1,0
BRDA:118,6,0,0
BRDA:118,6,1,0
BRDA:124,7,0,0
BRDA:124,7,1,0
BRDA:125,8,0,0
BRDA:125,8,1,0
BRDA:126,9,0,0
BRDA:126,9,1,0
BRDA:129,10,0,0
BRDA:129,10,1,2
BRDA:141,11,0,0
BRDA:141,11,1,0
BRDA:152,12,0,2
BRDA:152,12,1,0
BRDA:153,13,0,2
BRDA:153,13,1,0
BRDA:154,14,0,0
BRDA:154,14,1,2
BRDA:157,15,0,0
BRDA:157,15,1,2
BRDA:157,16,0,2
BRDA:157,16,1,2
BRDA:173,17,0,0
BRDA:173,17,1,4
BRDA:174,18,0,0
BRDA:174,18,1,4
BRDA:175,19,0,0
BRDA:175,19,1,4
BRDA:190,20,0,0
BRDA:190,20,1,2
BRDA:194,21,0,2
BRDA:194,21,1,2
BRDA:194,22,0,0
BRDA:194,22,1,0
BRDA:196,23,0,2
BRDA:196,23,1,0
BRDA:196,23,2,0
BRDA:196,23,3,0
BRDA:196,23,4,0
BRDA:196,23,5,0
BRDA:196,23,6,0
BRDA:196,23,7,0
BRDA:229,24,0,2
BRDA:229,24,1,2
BRDA:229,24,2,2
BRDA:230,25,0,2
BRDA:230,25,1,2
BRDA:230,25,2,2
BRDA:231,26,0,2
BRDA:231,26,1,2
BRDA:239,27,0,2
BRDA:239,27,1,0
BRDA:247,28,0,2
BRDA:247,28,1,0
BRDA:253,29,0,2
BRDA:253,29,1,0
BRDA:254,30,0,2
BRDA:254,30,1,0
BRDA:258,31,0,2
BRDA:258,31,1,0
BRDA:259,32,0,2
BRDA:259,32,1,0
BRDA:262,33,0,2
BRDA:262,33,1,0
BRDA:263,34,0,2
BRDA:263,34,1,0
BRDA:264,35,0,0
BRDA:264,35,1,0
BRDA:265,36,0,0
BRDA:265,36,1,0
BRDA:268,37,0,2
BRDA:268,37,1,2
BRDA:269,38,0,2
BRDA:269,38,1,2
BRDA:270,39,0,2
BRDA:270,39,1,2
BRDA:291,40,0,2
BRDA:291,40,1,0
BRDA:293,41,0,2
BRDA:293,41,1,0
BRDA:301,42,0,1
BRDA:301,42,1,0
BRDA:301,43,0,1
BRDA:301,43,1,0
BRDA:304,44,0,1
BRDA:304,44,1,0
BRDA:313,45,0,1
BRDA:313,45,1,0
BRDA:317,46,0,0
BRDA:317,46,1,1
BRDA:344,47,0,0
BRDA:344,47,1,0
BRDA:344,48,0,0
BRDA:344,48,1,0
BRDA:344,48,2,0
BRDA:344,48,3,0
BRDA:351,49,0,0
BRDA:351,49,1,0
BRDA:352,50,0,0
BRDA:352,50,1,0
BRDA:359,51,0,0
BRDA:359,51,1,0
BRDA:381,52,0,0
BRDA:381,52,1,1
BRDA:382,53,0,0
BRDA:382,53,1,0
BRDA:383,54,0,0
BRDA:383,54,1,0
BRDA:390,55,0,0
BRDA:390,55,1,0
BRDA:394,56,0,0
BRDA:394,56,1,0
BRDA:394,57,0,0
BRDA:394,57,1,0
BRDA:401,58,0,0
BRDA:401,58,1,0
BRDA:419,59,0,0
BRDA:419,59,1,0
BRDA:419,60,0,0
BRDA:419,60,1,0
BRDA:423,61,0,0
BRDA:423,61,1,0
BRDA:427,62,0,0
BRDA:427,62,1,0
BRDA:428,63,0,0
BRDA:428,63,1,0
BRDA:446,64,0,0
BRDA:446,64,1,0
BRDA:450,65,0,0
BRDA:450,65,1,0
BRDA:452,66,0,0
BRDA:452,66,1,0
BRDA:469,67,0,0
BRDA:469,67,1,0
BRDA:471,68,0,0
BRDA:471,68,1,0
BRDA:476,69,0,0
BRDA:476,69,1,0
BRDA:482,70,0,0
BRDA:482,70,1,0
BRDA:482,71,0,0
BRDA:482,71,1,0
BRDA:485,72,0,0
BRDA:485,72,1,0
BRDA:485,73,0,0
BRDA:485,73,1,0
BRDA:485,73,2,0
BRDA:487,74,0,0
BRDA:487,74,1,0
BRDA:487,75,0,0
BRDA:487,75,1,0
BRDA:487,75,2,0
BRDA:493,76,0,0
BRDA:493,76,1,0
BRDA:522,77,0,0
BRDA:522,77,1,0
BRDA:522,78,0,0
BRDA:522,78,1,0
BRDA:532,79,0,0
BRDA:532,79,1,0
BRDA:532,80,0,0
BRDA:532,80,1,0
BRDA:547,81,0,1
BRDA:547,81,1,0
BRDA:548,82,0,1
BRDA:548,82,1,0
BRF:181
BRH:51
end_of_record
TN:
SF:src/services/sourcingService.js
FN:18,seedSupplierKnowledgeBase
FN:134,startSourcingService
FN:154,(anonymous_2)
FN:192,matchSuppliersToQuery
FN:202,(anonymous_4)
FN:209,(anonymous_5)
FN:300,(anonymous_6)
FN:304,generateQuote
FN:353,generateMarketIntelligence
FN:355,(anonymous_9)
FN:356,(anonymous_10)
FN:358,(anonymous_11)
FN:359,(anonymous_12)
FN:399,(anonymous_13)
FN:404,(anonymous_14)
FN:412,handleProductQueryReceived
FN:475,(anonymous_16)
FN:485,(anonymous_17)
FN:500,handleProductCatalogUpdated
FN:528,handleSupplierProfileUpdated
FN:544,handleMarketTrendUpdated
FN:570,startPeriodicTasks
FN:572,(anonymous_22)
FN:599,getSupplierKnowledgeBase
FN:604,shutdownSourcingService
FN:609,(anonymous_25)
FN:615,(anonymous_26)
FNF:27
FNH:8
FNDA:6,seedSupplierKnowledgeBase
FNDA:6,startSourcingService
FNDA:4,(anonymous_2)
FNDA:0,matchSuppliersToQuery
FNDA:0,(anonymous_4)
FNDA:0,(anonymous_5)
FNDA:0,(anonymous_6)
FNDA:0,generateQuote
FNDA:0,generateMarketIntelligence
FNDA:0,(anonymous_9)
FNDA:0,(anonymous_10)
FNDA:0,(anonymous_11)
FNDA:0,(anonymous_12)
FNDA:0,(anonymous_13)
FNDA:0,(anonymous_14)
FNDA:1,handleProductQueryReceived
FNDA:0,(anonymous_16)
FNDA:0,(anonymous_17)
FNDA:1,handleProductCatalogUpdated
FNDA:1,handleSupplierProfileUpdated
FNDA:1,handleMarketTrendUpdated
FNDA:6,startPeriodicTasks
FNDA:0,(anonymous_22)
FNDA:0,getSupplierKnowledgeBase
FNDA:0,shutdownSourcingService
FNDA:0,(anonymous_25)
FNDA:0,(anonymous_26)
DA:4,1
DA:5,1
DA:6,1
DA:7,1
DA:10,1
DA:11,1
DA:12,1
DA:15,1
DA:19,6
DA:126,6
DA:127,48
DA:130,6
DA:135,6
DA:136,6
DA:139,6
DA:142,6
DA:143,6
DA:146,6
DA:154,6
DA:155,4
DA:156,4
DA:157,4
DA:159,4
DA:161,1
DA:162,1
DA:164,1
DA:165,1
DA:167,1
DA:168,1
DA:170,1
DA:171,1
DA:173,0
DA:176,0
DA:180,6
DA:183,6
DA:186,0
DA:187,0
DA:193,0
DA:194,0
DA:196,0
DA:198,0
DA:199,0
DA:202,0
DA:203,0
DA:204,0
DA:205,0
DA:209,0
DA:210,0
DA:211,0
DA:212,0
DA:216,0
DA:217,0
DA:218,0
DA:222,0
DA:223,0
DA:224,0
DA:228,0
DA:229,0
DA:230,0
DA:234,0
DA:235,0
DA:236,0
DA:240,0
DA:241,0
DA:242,0
DA:246,0
DA:247,0
DA:248,0
DA:252,0
DA:254,0
DA:255,0
DA:300,0
DA:305,0
DA:306,0
DA:308,0
DA:354,0
DA:355,0
DA:356,0
DA:358,0
DA:359,0
DA:361,0
DA:399,0
DA:404,0
DA:413,1
DA:414,1
DA:417,1
DA:420,1
DA:450,0
DA:451,0
DA:454,0
DA:457,0
DA:458,0
DA:459,0
DA:460,0
DA:461,0
DA:463,0
DA:464,0
DA:465,0
DA:466,0
DA:470,0
DA:471,0
DA:474,0
DA:475,0
DA:476,0
DA:486,0
DA:487,0
DA:490,0
DA:493,0
DA:495,1
DA:501,1
DA:502,1
DA:505,1
DA:506,0
DA:507,0
DA:508,0
DA:511,0
DA:514,0
DA:515,0
DA:516,0
DA:517,0
DA:518,0
DA:523,0
DA:529,1
DA:530,1
DA:532,1
DA:533,0
DA:534,0
DA:535,0
DA:536,0
DA:539,0
DA:545,1
DA:546,1
DA:549,1
DA:550,0
DA:551,0
DA:552,0
DA:560,0
DA:561,0
DA:565,0
DA:572,6
DA:573,0
DA:574,0
DA:577,0
DA:578,0
DA:579,0
DA:584,0
DA:589,0
DA:590,0
DA:593,0
DA:600,0
DA:605,0
DA:606,0
DA:608,0
DA:609,0
DA:610,0
DA:614,0
DA:615,0
DA:616,0
DA:621,0
DA:623,0
DA:625,0
DA:629,1
LF:162
LH:49
BRDA:159,0,0,1
BRDA:159,0,1,1
BRDA:159,0,2,1
BRDA:159,0,3,1
BRDA:159,0,4,0
BRDA:203,1,0,0
BRDA:203,1,1,0
BRDA:210,2,0,0
BRDA:210,2,1,0
BRDA:216,3,0,0
BRDA:216,3,1,0
BRDA:222,4,0,0
BRDA:222,4,1,0
BRDA:228,5,0,0
BRDA:228,5,1,0
BRDA:234,6,0,0
BRDA:234,6,1,0
BRDA:240,7,0,0
BRDA:240,7,1,0
BRDA:246,8,0,0
BRDA:246,8,1,0
BRDA:254,9,0,0
BRDA:254,9,1,0
BRDA:277,10,0,0
BRDA:277,10,1,0
BRDA:277,11,0,0
BRDA:277,11,1,0
BRDA:282,12,0,0
BRDA:282,12,1,0
BRDA:288,13,0,0
BRDA:288,13,1,0
BRDA:288,14,0,0
BRDA:288,14,1,0
BRDA:356,15,0,0
BRDA:356,15,1,0
BRDA:417,16,0,1
BRDA:417,16,1,0
BRDA:417,16,2,0
BRDA:427,17,0,1
BRDA:427,17,1,0
BRDA:427,18,0,1
BRDA:427,18,1,1
BRDA:428,19,0,0
BRDA:428,19,1,0
BRDA:429,20,0,0
BRDA:429,20,1,0
BRDA:430,21,0,0
BRDA:430,21,1,0
BRDA:432,22,0,0
BRDA:432,22,1,1
BRDA:457,23,0,0
BRDA:457,23,1,0
BRDA:474,24,0,0
BRDA:474,24,1,0
BRDA:474,25,0,0
BRDA:474,25,1,0
BRDA:482,26,0,0
BRDA:482,26,1,0
BRDA:486,27,0,0
BRDA:486,27,1,0
BRDA:506,28,0,0
BRDA:506,28,1,0
BRDA:507,29,0,0
BRDA:507,29,1,0
BRDA:507,30,0,0
BRDA:507,30,1,0
BRDA:514,31,0,0
BRDA:514,31,1,0
BRDA:532,32,0,0
BRDA:532,32,1,1
BRDA:550,33,0,0
BRDA:550,33,1,0
BRDA:551,34,0,0
BRDA:551,34,1,0
BRDA:551,35,0,0
BRDA:551,35,1,0
BRDA:556,36,0,0
BRDA:556,36,1,0
BRDA:578,37,0,0
BRDA:578,37,1,0
BRDA:589,38,0,0
BRDA:589,38,1,0
BRDA:608,39,0,0
BRDA:608,39,1,0
BRDA:614,40,0,0
BRDA:614,40,1,0
BRF:86
BRH:10
end_of_record
TN:
SF:src/services/workflowAutomationService.js
FN:14,startWorkflowAutomationService
FN:49,setupMessageHandlers
FN:50,(anonymous_2)
FN:91,handleOrderCreated
FN:104,handleInventoryChanged
FN:117,handleSupplierRiskUpdated
FN:127,handleCustomerFeedbackReceived
FN:137,handleDocumentProcessed
FN:147,handlePaymentReceived
FN:157,handleShipmentCreated
FN:167,handleQualityIssueReported
FN:177,executeWorkflowStep
FN:178,(anonymous_12)
FN:188,(anonymous_13)
FN:212,determineNextStep
FN:218,(anonymous_15)
FN:220,(anonymous_16)
FN:225,(anonymous_17)
FN:234,evaluateCondition
FN:250,publishWorkflowEvent
FN:260,(anonymous_20)
FN:270,generateMockOutput
FN:321,loadWorkflows
FN:459,shutdown
FN:461,(anonymous_24)
FN:466,(anonymous_25)
FNF:26
FNH:9
FNDA:5,startWorkflowAutomationService
FNDA:5,setupMessageHandlers
FNDA:3,(anonymous_2)
FNDA:1,handleOrderCreated
FNDA:1,handleInventoryChanged
FNDA:1,handleSupplierRiskUpdated
FNDA:0,handleCustomerFeedbackReceived
FNDA:0,handleDocumentProcessed
FNDA:0,handlePaymentReceived
FNDA:0,handleShipmentCreated
FNDA:0,handleQualityIssueReported
FNDA:3,executeWorkflowStep
FNDA:3,(anonymous_12)
FNDA:0,(anonymous_13)
FNDA:0,determineNextStep
FNDA:0,(anonymous_15)
FNDA:0,(anonymous_16)
FNDA:0,(anonymous_17)
FNDA:0,evaluateCondition
FNDA:0,publishWorkflowEvent
FNDA:0,(anonymous_20)
FNDA:0,generateMockOutput
FNDA:5,loadWorkflows
FNDA:0,shutdown
FNDA:0,(anonymous_24)
FNDA:0,(anonymous_25)
DA:5,1
DA:6,1
DA:9,1
DA:10,1
DA:11,1
DA:15,5
DA:16,5
DA:19,5
DA:31,5
DA:33,5
DA:36,5
DA:39,5
DA:41,5
DA:43,0
DA:44,0
DA:50,5
DA:51,3
DA:52,3
DA:53,3
DA:56,3
DA:58,1
DA:59,1
DA:61,1
DA:62,1
DA:64,1
DA:65,1
DA:67,0
DA:68,0
DA:70,0
DA:71,0
DA:73,0
DA:74,0
DA:76,0
DA:77,0
DA:79,0
DA:80,0
DA:82,0
DA:85,0
DA:92,1
DA:95,1
DA:96,1
DA:97,1
DA:99,0
DA:105,1
DA:108,1
DA:109,1
DA:110,1
DA:111,1
DA:118,1
DA:120,1
DA:121,1
DA:122,1
DA:128,0
DA:130,0
DA:131,0
DA:132,0
DA:138,0
DA:140,0
DA:141,0
DA:142,0
DA:148,0
DA:150,0
DA:151,0
DA:152,0
DA:158,0
DA:160,0
DA:161,0
DA:162,0
DA:168,0
DA:170,0
DA:171,0
DA:172,0
DA:178,3
DA:180,3
DA:181,0
DA:182,0
DA:185,3
DA:188,3
DA:190,0
DA:200,0
DA:202,0
DA:204,0
DA:206,0
DA:214,0
DA:216,0
DA:217,0
DA:218,0
DA:219,0
DA:220,0
DA:225,0
DA:226,0
DA:227,0
DA:230,0
DA:237,0
DA:238,0
DA:239,0
DA:240,0
DA:241,0
DA:242,0
DA:246,0
DA:251,0
DA:258,0
DA:261,0
DA:262,0
DA:264,0
DA:271,0
DA:273,0
DA:279,0
DA:285,0
DA:290,0
DA:295,0
DA:300,0
DA:306,0
DA:311,0
DA:316,0
DA:323,5
DA:361,5
DA:379,5
DA:393,5
DA:406,5
DA:419,5
DA:432,5
DA:445,5
DA:460,0
DA:461,0
DA:462,0
DA:465,0
DA:466,0
DA:467,0
DA:470,0
DA:473,1
DA:474,1
DA:476,1
LF:133
LH:52
BRDA:56,0,0,1
BRDA:56,0,1,1
BRDA:56,0,2,1
BRDA:56,0,3,0
BRDA:56,0,4,0
BRDA:56,0,5,0
BRDA:56,0,6,0
BRDA:56,0,7,0
BRDA:56,0,8,0
BRDA:96,1,0,1
BRDA:96,1,1,0
BRDA:108,2,0,1
BRDA:108,2,1,0
BRDA:110,3,0,1
BRDA:110,3,1,0
BRDA:121,4,0,1
BRDA:121,4,1,0
BRDA:131,5,0,0
BRDA:131,5,1,0
BRDA:141,6,0,0
BRDA:141,6,1,0
BRDA:151,7,0,0
BRDA:151,7,1,0
BRDA:161,8,0,0
BRDA:161,8,1,0
BRDA:171,9,0,0
BRDA:171,9,1,0
BRDA:180,10,0,0
BRDA:180,10,1,3
BRDA:202,11,0,0
BRDA:202,11,1,0
BRDA:208,12,0,3
BRDA:208,12,1,0
BRDA:214,13,0,0
BRDA:214,13,1,0
BRDA:217,14,0,0
BRDA:217,14,1,0
BRDA:217,15,0,0
BRDA:217,15,1,0
BRDA:219,16,0,0
BRDA:219,16,1,0
BRDA:219,17,0,0
BRDA:219,17,1,0
BRDA:226,18,0,0
BRDA:226,18,1,0
BRDA:237,19,0,0
BRDA:237,19,1,0
BRDA:238,20,0,0
BRDA:238,20,1,0
BRDA:239,21,0,0
BRDA:239,21,1,0
BRDA:240,22,0,0
BRDA:240,22,1,0
BRDA:241,23,0,0
BRDA:241,23,1,0
BRDA:242,24,0,0
BRDA:242,24,1,0
BRDA:261,25,0,0
BRDA:261,25,1,0
BRDA:271,26,0,0
BRDA:271,26,1,0
BRDA:271,26,2,0
BRDA:271,26,3,0
BRDA:271,26,4,0
BRDA:271,26,5,0
BRDA:271,26,6,0
BRDA:271,26,7,0
BRDA:271,26,8,0
BRDA:287,27,0,0
BRDA:287,27,1,0
BRDA:460,28,0,0
BRDA:460,28,1,0
BRDA:465,29,0,0
BRDA:465,29,1,0
BRF:74
BRH:9
end_of_record
TN:
SF:src/services/compliance/koreanComplianceService.js
FN:12,(anonymous_0)
FN:102,(anonymous_1)
FN:118,(anonymous_2)
FN:132,(anonymous_3)
FN:208,(anonymous_4)
FN:213,(anonymous_5)
FN:234,(anonymous_6)
FN:268,(anonymous_7)
FN:284,(anonymous_8)
FN:314,(anonymous_9)
FN:343,(anonymous_10)
FN:348,(anonymous_11)
FN:364,(anonymous_12)
FN:395,(anonymous_13)
FN:403,(anonymous_14)
FN:404,(anonymous_15)
FNF:16
FNH:11
FNDA:13,(anonymous_0)
FNDA:6,(anonymous_1)
FNDA:10,(anonymous_2)
FNDA:14,(anonymous_3)
FNDA:15,(anonymous_4)
FNDA:18,(anonymous_5)
FNDA:11,(anonymous_6)
FNDA:130,(anonymous_7)
FNDA:32,(anonymous_8)
FNDA:42,(anonymous_9)
FNDA:0,(anonymous_10)
FNDA:0,(anonymous_11)
FNDA:1,(anonymous_12)
FNDA:0,(anonymous_13)
FNDA:0,(anonymous_14)
FNDA:0,(anonymous_15)
DA:4,1
DA:5,1
DA:15,13
DA:103,6
DA:104,6
DA:107,6
DA:108,6
DA:109,6
DA:114,6
DA:115,6
DA:117,6
DA:118,15
DA:119,10
DA:121,15
DA:122,15
DA:128,6
DA:129,6
DA:131,6
DA:132,18
DA:133,14
DA:135,18
DA:136,18
DA:142,6
DA:143,6
DA:145,6
DA:146,6
DA:149,6
DA:156,6
DA:157,6
DA:158,6
DA:159,5
DA:164,6
DA:166,6
DA:167,5
DA:170,6
DA:171,4
DA:172,2
DA:173,2
DA:177,6
DA:178,3
DA:180,6
DA:181,0
DA:183,6
DA:184,4
DA:186,6
DA:187,3
DA:189,6
DA:190,0
DA:196,6
DA:197,6
DA:201,6
DA:208,15
DA:213,18
DA:223,0
DA:224,0
DA:236,11
DA:237,11
DA:240,11
DA:241,74
DA:243,6
DA:248,5
DA:265,5
DA:266,26
DA:267,26
DA:268,26
DA:269,130
DA:270,3
DA:275,2
DA:285,32
DA:289,31
DA:290,30
DA:291,30
DA:294,30
DA:297,23
DA:313,23
DA:314,42
DA:317,5
DA:321,1
DA:323,1
DA:324,1
DA:326,0
DA:327,0
DA:329,0
DA:330,0
DA:334,0
DA:335,0
DA:337,0
DA:338,0
DA:342,0
DA:343,0
DA:344,0
DA:347,0
DA:348,0
DA:349,0
DA:355,0
DA:365,1
DA:367,1
DA:368,2
DA:369,2
DA:371,2
DA:372,2
DA:373,2
DA:375,0
DA:376,0
DA:387,1
DA:396,0
DA:404,0
DA:408,1
LF:108
LH:85
BRDA:102,0,0,0
BRDA:104,1,0,6
BRDA:104,1,1,0
BRDA:107,2,0,6
BRDA:107,2,1,0
BRDA:107,2,2,0
BRDA:108,3,0,6
BRDA:108,3,1,0
BRDA:109,4,0,6
BRDA:109,4,1,0
BRDA:122,5,0,11
BRDA:122,5,1,4
BRDA:136,6,0,18
BRDA:136,6,1,0
BRDA:145,7,0,1
BRDA:145,7,1,5
BRDA:157,8,0,0
BRDA:157,8,1,6
BRDA:158,9,0,1
BRDA:158,9,1,5
BRDA:159,10,0,0
BRDA:159,10,1,5
BRDA:166,11,0,5
BRDA:166,11,1,1
BRDA:170,12,0,4
BRDA:170,12,1,2
BRDA:170,13,0,6
BRDA:170,13,1,6
BRDA:172,14,0,2
BRDA:172,14,1,0
BRDA:177,15,0,3
BRDA:177,15,1,3
BRDA:180,16,0,0
BRDA:180,16,1,6
BRDA:183,17,0,4
BRDA:183,17,1,2
BRDA:186,18,0,3
BRDA:186,18,1,3
BRDA:189,19,0,0
BRDA:189,19,1,6
BRDA:196,20,0,6
BRDA:196,20,1,0
BRDA:196,21,0,6
BRDA:196,21,1,6
BRDA:202,22,0,6
BRDA:202,22,1,0
BRDA:202,22,2,0
BRDA:220,23,0,1
BRDA:220,23,1,5
BRDA:241,24,0,6
BRDA:241,24,1,68
BRDA:241,25,0,74
BRDA:241,25,1,69
BRDA:241,25,2,65
BRDA:266,26,0,26
BRDA:266,26,1,0
BRDA:268,27,0,3
BRDA:268,27,1,23
BRDA:269,28,0,130
BRDA:269,28,1,129
BRDA:285,29,0,1
BRDA:285,29,1,31
BRDA:289,30,0,30
BRDA:289,30,1,1
BRDA:294,31,0,7
BRDA:294,31,1,23
BRDA:313,32,0,18
BRDA:313,32,1,5
BRDA:321,33,0,1
BRDA:321,33,1,0
BRDA:323,34,0,1
BRDA:323,34,1,0
BRDA:323,35,0,1
BRDA:323,35,1,1
BRDA:324,36,0,1
BRDA:324,36,1,0
BRDA:326,37,0,0
BRDA:326,37,1,0
BRDA:326,38,0,0
BRDA:326,38,1,0
BRDA:327,39,0,0
BRDA:327,39,1,0
BRDA:329,40,0,0
BRDA:329,40,1,0
BRDA:329,41,0,0
BRDA:329,41,1,0
BRDA:330,42,0,0
BRDA:330,42,1,0
BRDA:334,43,0,0
BRDA:334,43,1,0
BRDA:334,44,0,0
BRDA:334,44,1,0
BRDA:335,45,0,0
BRDA:335,45,1,0
BRDA:337,46,0,0
BRDA:337,46,1,0
BRDA:337,47,0,0
BRDA:337,47,1,0
BRDA:338,48,0,0
BRDA:338,48,1,0
BRDA:342,49,0,0
BRDA:342,49,1,0
BRDA:342,50,0,0
BRDA:342,50,1,0
BRDA:347,51,0,0
BRDA:347,51,1,0
BRDA:347,52,0,0
BRDA:347,52,1,0
BRDA:364,53,0,0
BRDA:368,54,0,2
BRDA:368,54,1,2
BRDA:368,54,2,2
BRDA:369,55,0,2
BRDA:369,55,1,2
BRDA:377,56,0,0
BRDA:377,56,1,0
BRDA:377,56,2,0
BRDA:396,57,0,0
BRDA:396,57,1,0
BRF:119
BRH:62
end_of_record
TN:
SF:src/utils/logger.js
FN:7,(anonymous_0)
FNF:1
FNH:1
FNDA:177,(anonymous_0)
DA:1,13
DA:3,13
DA:8,177
DA:18,13
LF:4
LH:4
BRDA:4,0,0,0
BRDA:4,0,1,13
BRF:2
BRH:1
end_of_record
